[2025-02-05 01:51:05,443] {taskinstance.py:1159} INFO - Dependencies all met for <TaskInstance: example_dag.print_hello_1 scheduled__2025-02-04T01:50:41.421461+00:00 [queued]>
[2025-02-05 01:51:05,446] {taskinstance.py:1159} INFO - Dependencies all met for <TaskInstance: example_dag.print_hello_1 scheduled__2025-02-04T01:50:41.421461+00:00 [queued]>
[2025-02-05 01:51:05,446] {taskinstance.py:1356} INFO - 
--------------------------------------------------------------------------------
[2025-02-05 01:51:05,446] {taskinstance.py:1357} INFO - Starting attempt 1 of 2
[2025-02-05 01:51:05,446] {taskinstance.py:1358} INFO - 
--------------------------------------------------------------------------------
[2025-02-05 01:51:05,451] {taskinstance.py:1377} INFO - Executing <Task(PythonOperator): print_hello_1> on 2025-02-04 01:50:41.421461+00:00
[2025-02-05 01:51:05,452] {standard_task_runner.py:52} INFO - Started process 91 to run task
[2025-02-05 01:51:05,454] {standard_task_runner.py:79} INFO - Running: ['***', 'tasks', 'run', 'example_dag', 'print_hello_1', 'scheduled__2025-02-04T01:50:41.421461+00:00', '--job-id', '7', '--raw', '--subdir', 'DAGS_FOLDER/example_dag.py', '--cfg-path', '/tmp/tmpbfqdwf6t', '--error-file', '/tmp/tmp4orbkhdr']
[2025-02-05 01:51:05,454] {standard_task_runner.py:80} INFO - Job 7: Subtask print_hello_1
[2025-02-05 01:51:05,463] {logging_mixin.py:115} WARNING - /home/***/.local/lib/python3.7/site-packages/***/configuration.py:470 DeprecationWarning: The sql_alchemy_conn option in [core] has been moved to the sql_alchemy_conn option in [database] - the old setting has been used, but please update your config.
[2025-02-05 01:51:05,479] {task_command.py:369} INFO - Running <TaskInstance: example_dag.print_hello_1 scheduled__2025-02-04T01:50:41.421461+00:00 [running]> on host aaf7acf6e6cd
[2025-02-05 01:51:05,510] {taskinstance.py:1571} INFO - Exporting the following env vars:
AIRFLOW_CTX_DAG_OWNER=***
AIRFLOW_CTX_DAG_ID=example_dag
AIRFLOW_CTX_TASK_ID=print_hello_1
AIRFLOW_CTX_EXECUTION_DATE=2025-02-04T01:50:41.421461+00:00
AIRFLOW_CTX_TRY_NUMBER=1
AIRFLOW_CTX_DAG_RUN_ID=scheduled__2025-02-04T01:50:41.421461+00:00
[2025-02-05 01:51:05,510] {logging_mixin.py:115} INFO - Hello, Airflow! This is a simple task.
[2025-02-05 01:51:05,510] {logging_mixin.py:115} INFO - Execution date: 2025-02-04
[2025-02-05 01:51:05,510] {python.py:173} INFO - Done. Returned value was: None
[2025-02-05 01:51:05,515] {taskinstance.py:1400} INFO - Marking task as SUCCESS. dag_id=example_dag, task_id=print_hello_1, execution_date=20250204T015041, start_date=20250205T015105, end_date=20250205T015105
[2025-02-05 01:51:05,552] {local_task_job.py:156} INFO - Task exited with return code 0
[2025-02-05 01:51:05,565] {local_task_job.py:273} INFO - 1 downstream tasks scheduled from follow-on schedule check
