[2025-02-05 03:29:12,070] {taskinstance.py:1159} INFO - Dependencies all met for <TaskInstance: example_dag.print_hello_1 manual__2025-02-05T03:29:11.003430+00:00 [queued]>
[2025-02-05 03:29:12,073] {taskinstance.py:1159} INFO - Dependencies all met for <TaskInstance: example_dag.print_hello_1 manual__2025-02-05T03:29:11.003430+00:00 [queued]>
[2025-02-05 03:29:12,073] {taskinstance.py:1356} INFO - 
--------------------------------------------------------------------------------
[2025-02-05 03:29:12,073] {taskinstance.py:1357} INFO - Starting attempt 1 of 2
[2025-02-05 03:29:12,073] {taskinstance.py:1358} INFO - 
--------------------------------------------------------------------------------
[2025-02-05 03:29:12,077] {taskinstance.py:1377} INFO - Executing <Task(PythonOperator): print_hello_1> on 2025-02-05 03:29:11.003430+00:00
[2025-02-05 03:29:12,079] {standard_task_runner.py:52} INFO - Started process 129 to run task
[2025-02-05 03:29:12,084] {standard_task_runner.py:79} INFO - Running: ['***', 'tasks', 'run', 'example_dag', 'print_hello_1', 'manual__2025-02-05T03:29:11.003430+00:00', '--job-id', '27', '--raw', '--subdir', 'DAGS_FOLDER/example_dag.py', '--cfg-path', '/tmp/tmpp8b_8woj', '--error-file', '/tmp/tmpn1avx918']
[2025-02-05 03:29:12,085] {standard_task_runner.py:80} INFO - Job 27: Subtask print_hello_1
[2025-02-05 03:29:12,107] {task_command.py:369} INFO - Running <TaskInstance: example_dag.print_hello_1 manual__2025-02-05T03:29:11.003430+00:00 [running]> on host 4e60bfee8242
[2025-02-05 03:29:12,132] {taskinstance.py:1571} INFO - Exporting the following env vars:
AIRFLOW_CTX_DAG_OWNER=***
AIRFLOW_CTX_DAG_ID=example_dag
AIRFLOW_CTX_TASK_ID=print_hello_1
AIRFLOW_CTX_EXECUTION_DATE=2025-02-05T03:29:11.003430+00:00
AIRFLOW_CTX_TRY_NUMBER=1
AIRFLOW_CTX_DAG_RUN_ID=manual__2025-02-05T03:29:11.003430+00:00
[2025-02-05 03:29:12,133] {logging_mixin.py:115} INFO - Hello, Airflow! This is a simple task.
[2025-02-05 03:29:12,133] {logging_mixin.py:115} INFO - Execution date: 2025-02-05
[2025-02-05 03:29:12,133] {python.py:173} INFO - Done. Returned value was: None
[2025-02-05 03:29:12,138] {taskinstance.py:1400} INFO - Marking task as SUCCESS. dag_id=example_dag, task_id=print_hello_1, execution_date=20250205T032911, start_date=20250205T032912, end_date=20250205T032912
[2025-02-05 03:29:12,182] {local_task_job.py:156} INFO - Task exited with return code 0
[2025-02-05 03:29:12,195] {local_task_job.py:273} INFO - 1 downstream tasks scheduled from follow-on schedule check
