[2025-02-05 03:17:23,820] {taskinstance.py:1159} INFO - Dependencies all met for <TaskInstance: example_dag.print_hello_2 manual__2025-02-05T03:17:21.542568+00:00 [queued]>
[2025-02-05 03:17:23,822] {taskinstance.py:1159} INFO - Dependencies all met for <TaskInstance: example_dag.print_hello_2 manual__2025-02-05T03:17:21.542568+00:00 [queued]>
[2025-02-05 03:17:23,822] {taskinstance.py:1356} INFO - 
--------------------------------------------------------------------------------
[2025-02-05 03:17:23,823] {taskinstance.py:1357} INFO - Starting attempt 1 of 2
[2025-02-05 03:17:23,823] {taskinstance.py:1358} INFO - 
--------------------------------------------------------------------------------
[2025-02-05 03:17:23,827] {taskinstance.py:1377} INFO - Executing <Task(PythonOperator): print_hello_2> on 2025-02-05 03:17:21.542568+00:00
[2025-02-05 03:17:23,828] {standard_task_runner.py:52} INFO - Started process 82 to run task
[2025-02-05 03:17:23,830] {standard_task_runner.py:79} INFO - Running: ['***', 'tasks', 'run', 'example_dag', 'print_hello_2', 'manual__2025-02-05T03:17:21.542568+00:00', '--job-id', '21', '--raw', '--subdir', 'DAGS_FOLDER/example_dag.py', '--cfg-path', '/tmp/tmp2nwturqw', '--error-file', '/tmp/tmpcahxgi3b']
[2025-02-05 03:17:23,830] {standard_task_runner.py:80} INFO - Job 21: Subtask print_hello_2
[2025-02-05 03:17:23,848] {task_command.py:369} INFO - Running <TaskInstance: example_dag.print_hello_2 manual__2025-02-05T03:17:21.542568+00:00 [running]> on host 4e60bfee8242
[2025-02-05 03:17:23,871] {taskinstance.py:1571} INFO - Exporting the following env vars:
AIRFLOW_CTX_DAG_OWNER=***
AIRFLOW_CTX_DAG_ID=example_dag
AIRFLOW_CTX_TASK_ID=print_hello_2
AIRFLOW_CTX_EXECUTION_DATE=2025-02-05T03:17:21.542568+00:00
AIRFLOW_CTX_TRY_NUMBER=1
AIRFLOW_CTX_DAG_RUN_ID=manual__2025-02-05T03:17:21.542568+00:00
[2025-02-05 03:17:23,871] {logging_mixin.py:115} INFO - Hello, Airflow! This is a simple task.
[2025-02-05 03:17:23,871] {logging_mixin.py:115} INFO - Execution date: 2025-02-05
[2025-02-05 03:17:23,871] {python.py:173} INFO - Done. Returned value was: None
[2025-02-05 03:17:23,875] {taskinstance.py:1400} INFO - Marking task as SUCCESS. dag_id=example_dag, task_id=print_hello_2, execution_date=20250205T031721, start_date=20250205T031723, end_date=20250205T031723
[2025-02-05 03:17:23,885] {local_task_job.py:156} INFO - Task exited with return code 0
[2025-02-05 03:17:23,895] {local_task_job.py:273} INFO - 0 downstream tasks scheduled from follow-on schedule check
