[2025-02-05 01:51:55,517] {taskinstance.py:1159} INFO - Dependencies all met for <TaskInstance: example_dag.print_hello_2 manual__2025-02-05T01:51:54.040419+00:00 [queued]>
[2025-02-05 01:51:55,520] {taskinstance.py:1159} INFO - Dependencies all met for <TaskInstance: example_dag.print_hello_2 manual__2025-02-05T01:51:54.040419+00:00 [queued]>
[2025-02-05 01:51:55,520] {taskinstance.py:1356} INFO - 
--------------------------------------------------------------------------------
[2025-02-05 01:51:55,520] {taskinstance.py:1357} INFO - Starting attempt 1 of 2
[2025-02-05 01:51:55,520] {taskinstance.py:1358} INFO - 
--------------------------------------------------------------------------------
[2025-02-05 01:51:55,524] {taskinstance.py:1377} INFO - Executing <Task(PythonOperator): print_hello_2> on 2025-02-05 01:51:54.040419+00:00
[2025-02-05 01:51:55,525] {standard_task_runner.py:52} INFO - Started process 113 to run task
[2025-02-05 01:51:55,527] {standard_task_runner.py:79} INFO - Running: ['***', 'tasks', 'run', 'example_dag', 'print_hello_2', 'manual__2025-02-05T01:51:54.040419+00:00', '--job-id', '12', '--raw', '--subdir', 'DAGS_FOLDER/example_dag.py', '--cfg-path', '/tmp/tmp6ybelrv2', '--error-file', '/tmp/tmpxkad8yw8']
[2025-02-05 01:51:55,527] {standard_task_runner.py:80} INFO - Job 12: Subtask print_hello_2
[2025-02-05 01:51:55,551] {task_command.py:369} INFO - Running <TaskInstance: example_dag.print_hello_2 manual__2025-02-05T01:51:54.040419+00:00 [running]> on host aaf7acf6e6cd
[2025-02-05 01:51:55,580] {taskinstance.py:1571} INFO - Exporting the following env vars:
AIRFLOW_CTX_DAG_OWNER=***
AIRFLOW_CTX_DAG_ID=example_dag
AIRFLOW_CTX_TASK_ID=print_hello_2
AIRFLOW_CTX_EXECUTION_DATE=2025-02-05T01:51:54.040419+00:00
AIRFLOW_CTX_TRY_NUMBER=1
AIRFLOW_CTX_DAG_RUN_ID=manual__2025-02-05T01:51:54.040419+00:00
[2025-02-05 01:51:55,580] {logging_mixin.py:115} INFO - Hello, Airflow! This is a simple task.
[2025-02-05 01:51:55,580] {logging_mixin.py:115} INFO - Execution date: 2025-02-05
[2025-02-05 01:51:55,580] {python.py:173} INFO - Done. Returned value was: None
[2025-02-05 01:51:55,584] {taskinstance.py:1400} INFO - Marking task as SUCCESS. dag_id=example_dag, task_id=print_hello_2, execution_date=20250205T015154, start_date=20250205T015155, end_date=20250205T015155
[2025-02-05 01:51:55,626] {local_task_job.py:156} INFO - Task exited with return code 0
[2025-02-05 01:51:55,637] {local_task_job.py:273} INFO - 0 downstream tasks scheduled from follow-on schedule check
