[2025-02-05 03:28:28,783] {taskinstance.py:1159} INFO - Dependencies all met for <TaskInstance: example_dag.execute_remote_script manual__2025-02-05T03:23:26.167077+00:00 [queued]>
[2025-02-05 03:28:28,786] {taskinstance.py:1159} INFO - Dependencies all met for <TaskInstance: example_dag.execute_remote_script manual__2025-02-05T03:23:26.167077+00:00 [queued]>
[2025-02-05 03:28:28,786] {taskinstance.py:1356} INFO - 
--------------------------------------------------------------------------------
[2025-02-05 03:28:28,786] {taskinstance.py:1357} INFO - Starting attempt 2 of 2
[2025-02-05 03:28:28,786] {taskinstance.py:1358} INFO - 
--------------------------------------------------------------------------------
[2025-02-05 03:28:28,791] {taskinstance.py:1377} INFO - Executing <Task(SSHOperator): execute_remote_script> on 2025-02-05 03:23:26.167077+00:00
[2025-02-05 03:28:28,792] {standard_task_runner.py:52} INFO - Started process 124 to run task
[2025-02-05 03:28:28,793] {standard_task_runner.py:79} INFO - Running: ['***', 'tasks', 'run', 'example_dag', 'execute_remote_script', 'manual__2025-02-05T03:23:26.167077+00:00', '--job-id', '26', '--raw', '--subdir', 'DAGS_FOLDER/example_dag.py', '--cfg-path', '/tmp/tmp5d53yijn', '--error-file', '/tmp/tmpk0qmcln4']
[2025-02-05 03:28:28,794] {standard_task_runner.py:80} INFO - Job 26: Subtask execute_remote_script
[2025-02-05 03:28:28,815] {task_command.py:369} INFO - Running <TaskInstance: example_dag.execute_remote_script manual__2025-02-05T03:23:26.167077+00:00 [running]> on host 4e60bfee8242
[2025-02-05 03:28:28,826] {taskinstance.py:1889} ERROR - Task failed with exception
Traceback (most recent call last):
  File "/home/airflow/.local/lib/python3.7/site-packages/airflow/models/taskinstance.py", line 1451, in _run_raw_task
    self._execute_task_with_callbacks(context, test_mode)
  File "/home/airflow/.local/lib/python3.7/site-packages/airflow/models/taskinstance.py", line 1555, in _execute_task_with_callbacks
    task_orig = self.render_templates(context=context)
  File "/home/airflow/.local/lib/python3.7/site-packages/airflow/models/taskinstance.py", line 2202, in render_templates
    rendered_task = self.task.render_template_fields(context)
  File "/home/airflow/.local/lib/python3.7/site-packages/airflow/models/baseoperator.py", line 1179, in render_template_fields
    self._do_render_template_fields(self, self.template_fields, context, jinja_env, set())
  File "/home/airflow/.local/lib/python3.7/site-packages/airflow/utils/session.py", line 71, in wrapper
    return func(*args, session=session, **kwargs)
  File "/home/airflow/.local/lib/python3.7/site-packages/airflow/models/abstractoperator.py", line 348, in _do_render_template_fields
    seen_oids,
  File "/home/airflow/.local/lib/python3.7/site-packages/airflow/models/abstractoperator.py", line 385, in render_template
    template = jinja_env.get_template(value)
  File "/home/airflow/.local/lib/python3.7/site-packages/jinja2/environment.py", line 997, in get_template
    return self._load_template(name, globals)
  File "/home/airflow/.local/lib/python3.7/site-packages/jinja2/environment.py", line 958, in _load_template
    template = self.loader.load(self, name, self.make_globals(globals))
  File "/home/airflow/.local/lib/python3.7/site-packages/jinja2/loaders.py", line 125, in load
    source, filename, uptodate = self.get_source(environment, name)
  File "/home/airflow/.local/lib/python3.7/site-packages/jinja2/loaders.py", line 214, in get_source
    raise TemplateNotFound(template)
jinja2.exceptions.TemplateNotFound: bash /script/date_print.sh
[2025-02-05 03:28:28,831] {taskinstance.py:1400} INFO - Marking task as FAILED. dag_id=example_dag, task_id=execute_remote_script, execution_date=20250205T032326, start_date=20250205T032828, end_date=20250205T032828
[2025-02-05 03:28:28,834] {standard_task_runner.py:97} ERROR - Failed to execute job 26 for task execute_remote_script (bash /script/date_print.sh; 124)
[2025-02-05 03:28:28,850] {local_task_job.py:156} INFO - Task exited with return code 1
[2025-02-05 03:28:28,860] {local_task_job.py:273} INFO - 0 downstream tasks scheduled from follow-on schedule check
