[2025-02-05 03:23:27,173] {taskinstance.py:1159} INFO - Dependencies all met for <TaskInstance: example_dag.print_hello_1 manual__2025-02-05T03:23:26.167077+00:00 [queued]>
[2025-02-05 03:23:27,175] {taskinstance.py:1159} INFO - Dependencies all met for <TaskInstance: example_dag.print_hello_1 manual__2025-02-05T03:23:26.167077+00:00 [queued]>
[2025-02-05 03:23:27,175] {taskinstance.py:1356} INFO - 
--------------------------------------------------------------------------------
[2025-02-05 03:23:27,175] {taskinstance.py:1357} INFO - Starting attempt 1 of 2
[2025-02-05 03:23:27,175] {taskinstance.py:1358} INFO - 
--------------------------------------------------------------------------------
[2025-02-05 03:23:27,180] {taskinstance.py:1377} INFO - Executing <Task(PythonOperator): print_hello_1> on 2025-02-05 03:23:26.167077+00:00
[2025-02-05 03:23:27,181] {standard_task_runner.py:52} INFO - Started process 102 to run task
[2025-02-05 03:23:27,183] {standard_task_runner.py:79} INFO - Running: ['***', 'tasks', 'run', 'example_dag', 'print_hello_1', 'manual__2025-02-05T03:23:26.167077+00:00', '--job-id', '23', '--raw', '--subdir', 'DAGS_FOLDER/example_dag.py', '--cfg-path', '/tmp/tmp1_lm37zg', '--error-file', '/tmp/tmpk1lyc0rq']
[2025-02-05 03:23:27,183] {standard_task_runner.py:80} INFO - Job 23: Subtask print_hello_1
[2025-02-05 03:23:27,203] {task_command.py:369} INFO - Running <TaskInstance: example_dag.print_hello_1 manual__2025-02-05T03:23:26.167077+00:00 [running]> on host 4e60bfee8242
[2025-02-05 03:23:27,227] {taskinstance.py:1571} INFO - Exporting the following env vars:
AIRFLOW_CTX_DAG_OWNER=***
AIRFLOW_CTX_DAG_ID=example_dag
AIRFLOW_CTX_TASK_ID=print_hello_1
AIRFLOW_CTX_EXECUTION_DATE=2025-02-05T03:23:26.167077+00:00
AIRFLOW_CTX_TRY_NUMBER=1
AIRFLOW_CTX_DAG_RUN_ID=manual__2025-02-05T03:23:26.167077+00:00
[2025-02-05 03:23:27,228] {logging_mixin.py:115} INFO - Hello, Airflow! This is a simple task.
[2025-02-05 03:23:27,228] {logging_mixin.py:115} INFO - Execution date: 2025-02-05
[2025-02-05 03:23:27,228] {python.py:173} INFO - Done. Returned value was: None
[2025-02-05 03:23:27,232] {taskinstance.py:1400} INFO - Marking task as SUCCESS. dag_id=example_dag, task_id=print_hello_1, execution_date=20250205T032326, start_date=20250205T032327, end_date=20250205T032327
[2025-02-05 03:23:27,241] {local_task_job.py:156} INFO - Task exited with return code 0
[2025-02-05 03:23:27,253] {local_task_job.py:273} INFO - 1 downstream tasks scheduled from follow-on schedule check
