[2025-02-05 03:52:14,973] {taskinstance.py:1159} INFO - Dependencies all met for <TaskInstance: example_dag.print_hello_2 manual__2025-02-05T03:52:12.151970+00:00 [queued]>
[2025-02-05 03:52:14,977] {taskinstance.py:1159} INFO - Dependencies all met for <TaskInstance: example_dag.print_hello_2 manual__2025-02-05T03:52:12.151970+00:00 [queued]>
[2025-02-05 03:52:14,977] {taskinstance.py:1356} INFO - 
--------------------------------------------------------------------------------
[2025-02-05 03:52:14,977] {taskinstance.py:1357} INFO - Starting attempt 1 of 2
[2025-02-05 03:52:14,977] {taskinstance.py:1358} INFO - 
--------------------------------------------------------------------------------
[2025-02-05 03:52:14,982] {taskinstance.py:1377} INFO - Executing <Task(PythonOperator): print_hello_2> on 2025-02-05 03:52:12.151970+00:00
[2025-02-05 03:52:14,983] {standard_task_runner.py:52} INFO - Started process 234 to run task
[2025-02-05 03:52:14,985] {standard_task_runner.py:79} INFO - Running: ['***', 'tasks', 'run', 'example_dag', 'print_hello_2', 'manual__2025-02-05T03:52:12.151970+00:00', '--job-id', '41', '--raw', '--subdir', 'DAGS_FOLDER/example_dag.py', '--cfg-path', '/tmp/tmp817jclt_', '--error-file', '/tmp/tmplpiz4haw']
[2025-02-05 03:52:14,986] {standard_task_runner.py:80} INFO - Job 41: Subtask print_hello_2
[2025-02-05 03:52:15,006] {task_command.py:369} INFO - Running <TaskInstance: example_dag.print_hello_2 manual__2025-02-05T03:52:12.151970+00:00 [running]> on host 4e60bfee8242
[2025-02-05 03:52:15,035] {taskinstance.py:1571} INFO - Exporting the following env vars:
AIRFLOW_CTX_DAG_OWNER=***
AIRFLOW_CTX_DAG_ID=example_dag
AIRFLOW_CTX_TASK_ID=print_hello_2
AIRFLOW_CTX_EXECUTION_DATE=2025-02-05T03:52:12.151970+00:00
AIRFLOW_CTX_TRY_NUMBER=1
AIRFLOW_CTX_DAG_RUN_ID=manual__2025-02-05T03:52:12.151970+00:00
[2025-02-05 03:52:15,036] {logging_mixin.py:115} INFO - Hello, Airflow! This is a simple task.
[2025-02-05 03:52:15,036] {logging_mixin.py:115} INFO - Execution date: 2025-02-05
[2025-02-05 03:52:15,036] {python.py:173} INFO - Done. Returned value was: None
[2025-02-05 03:52:15,040] {taskinstance.py:1400} INFO - Marking task as SUCCESS. dag_id=example_dag, task_id=print_hello_2, execution_date=20250205T035212, start_date=20250205T035214, end_date=20250205T035215
[2025-02-05 03:52:15,082] {local_task_job.py:156} INFO - Task exited with return code 0
[2025-02-05 03:52:15,094] {local_task_job.py:273} INFO - 0 downstream tasks scheduled from follow-on schedule check
