[2025-02-04 15:16:14,726] {processor.py:153} INFO - Started process (PID=30) to work on /opt/airflow/dags/example_dag.py
[2025-02-04 15:16:14,726] {processor.py:641} INFO - Processing file /opt/airflow/dags/example_dag.py for tasks to queue
[2025-02-04 15:16:14,726] {logging_mixin.py:115} INFO - [2025-02-04 15:16:14,726] {dagbag.py:507} INFO - Filling up the DagBag from /opt/airflow/dags/example_dag.py
[2025-02-04 15:16:14,733] {processor.py:651} INFO - DAG(s) dict_keys(['example_dag']) retrieved from /opt/airflow/dags/example_dag.py
[2025-02-04 15:16:14,777] {logging_mixin.py:115} INFO - [2025-02-04 15:16:14,777] {manager.py:508} INFO - Created Permission View: can read on DAG:example_dag
[2025-02-04 15:16:14,780] {logging_mixin.py:115} INFO - [2025-02-04 15:16:14,780] {manager.py:508} INFO - Created Permission View: can delete on DAG:example_dag
[2025-02-04 15:16:14,781] {logging_mixin.py:115} INFO - [2025-02-04 15:16:14,781] {manager.py:508} INFO - Created Permission View: can edit on DAG:example_dag
[2025-02-04 15:16:14,782] {logging_mixin.py:115} INFO - [2025-02-04 15:16:14,782] {dag.py:2371} INFO - Sync 1 DAGs
[2025-02-04 15:16:14,785] {logging_mixin.py:115} INFO - [2025-02-04 15:16:14,785] {dag.py:2390} INFO - Creating ORM DAG for example_dag
[2025-02-04 15:16:14,789] {logging_mixin.py:115} INFO - [2025-02-04 15:16:14,789] {dag.py:2919} INFO - Setting next_dagrun for example_dag to 2025-02-03T15:16:14.788983+00:00, run_after=2025-02-04T15:16:14.788983+00:00
[2025-02-04 15:16:14,793] {processor.py:161} INFO - Processing /opt/airflow/dags/example_dag.py took 0.069 seconds
[2025-02-04 15:16:44,891] {processor.py:153} INFO - Started process (PID=32) to work on /opt/airflow/dags/example_dag.py
[2025-02-04 15:16:44,891] {processor.py:641} INFO - Processing file /opt/airflow/dags/example_dag.py for tasks to queue
[2025-02-04 15:16:44,892] {logging_mixin.py:115} INFO - [2025-02-04 15:16:44,891] {dagbag.py:507} INFO - Filling up the DagBag from /opt/airflow/dags/example_dag.py
[2025-02-04 15:16:44,900] {processor.py:651} INFO - DAG(s) dict_keys(['example_dag']) retrieved from /opt/airflow/dags/example_dag.py
[2025-02-04 15:16:44,918] {logging_mixin.py:115} INFO - [2025-02-04 15:16:44,918] {dag.py:2371} INFO - Sync 1 DAGs
[2025-02-04 15:16:44,934] {logging_mixin.py:115} INFO - [2025-02-04 15:16:44,934] {dag.py:2919} INFO - Setting next_dagrun for example_dag to 2025-02-03T15:16:44.934586+00:00, run_after=2025-02-04T15:16:44.934586+00:00
[2025-02-04 15:16:44,939] {processor.py:161} INFO - Processing /opt/airflow/dags/example_dag.py took 0.052 seconds
[2025-02-04 15:17:15,109] {processor.py:153} INFO - Started process (PID=33) to work on /opt/airflow/dags/example_dag.py
[2025-02-04 15:17:15,109] {processor.py:641} INFO - Processing file /opt/airflow/dags/example_dag.py for tasks to queue
[2025-02-04 15:17:15,110] {logging_mixin.py:115} INFO - [2025-02-04 15:17:15,110] {dagbag.py:507} INFO - Filling up the DagBag from /opt/airflow/dags/example_dag.py
[2025-02-04 15:17:15,117] {processor.py:651} INFO - DAG(s) dict_keys(['example_dag']) retrieved from /opt/airflow/dags/example_dag.py
[2025-02-04 15:17:15,136] {logging_mixin.py:115} INFO - [2025-02-04 15:17:15,136] {dag.py:2371} INFO - Sync 1 DAGs
[2025-02-04 15:17:15,147] {logging_mixin.py:115} INFO - [2025-02-04 15:17:15,147] {dag.py:2919} INFO - Setting next_dagrun for example_dag to 2025-02-03T15:17:15.147597+00:00, run_after=2025-02-04T15:17:15.147597+00:00
[2025-02-04 15:17:15,151] {processor.py:161} INFO - Processing /opt/airflow/dags/example_dag.py took 0.047 seconds
[2025-02-04 15:17:45,297] {processor.py:153} INFO - Started process (PID=34) to work on /opt/airflow/dags/example_dag.py
[2025-02-04 15:17:45,298] {processor.py:641} INFO - Processing file /opt/airflow/dags/example_dag.py for tasks to queue
[2025-02-04 15:17:45,299] {logging_mixin.py:115} INFO - [2025-02-04 15:17:45,298] {dagbag.py:507} INFO - Filling up the DagBag from /opt/airflow/dags/example_dag.py
[2025-02-04 15:17:45,308] {processor.py:651} INFO - DAG(s) dict_keys(['example_dag']) retrieved from /opt/airflow/dags/example_dag.py
[2025-02-04 15:17:45,327] {logging_mixin.py:115} INFO - [2025-02-04 15:17:45,327] {dag.py:2371} INFO - Sync 1 DAGs
[2025-02-04 15:17:45,339] {logging_mixin.py:115} INFO - [2025-02-04 15:17:45,339] {dag.py:2919} INFO - Setting next_dagrun for example_dag to 2025-02-03T15:17:45.339314+00:00, run_after=2025-02-04T15:17:45.339314+00:00
[2025-02-04 15:17:45,343] {processor.py:161} INFO - Processing /opt/airflow/dags/example_dag.py took 0.050 seconds
[2025-02-04 15:18:15,475] {processor.py:153} INFO - Started process (PID=35) to work on /opt/airflow/dags/example_dag.py
[2025-02-04 15:18:15,476] {processor.py:641} INFO - Processing file /opt/airflow/dags/example_dag.py for tasks to queue
[2025-02-04 15:18:15,476] {logging_mixin.py:115} INFO - [2025-02-04 15:18:15,476] {dagbag.py:507} INFO - Filling up the DagBag from /opt/airflow/dags/example_dag.py
[2025-02-04 15:18:15,483] {processor.py:651} INFO - DAG(s) dict_keys(['example_dag']) retrieved from /opt/airflow/dags/example_dag.py
[2025-02-04 15:18:15,498] {logging_mixin.py:115} INFO - [2025-02-04 15:18:15,498] {dag.py:2371} INFO - Sync 1 DAGs
[2025-02-04 15:18:15,509] {logging_mixin.py:115} INFO - [2025-02-04 15:18:15,509] {dag.py:2919} INFO - Setting next_dagrun for example_dag to 2025-02-03T15:18:15.509521+00:00, run_after=2025-02-04T15:18:15.509521+00:00
[2025-02-04 15:18:15,514] {processor.py:161} INFO - Processing /opt/airflow/dags/example_dag.py took 0.041 seconds
[2025-02-04 15:18:45,695] {processor.py:153} INFO - Started process (PID=36) to work on /opt/airflow/dags/example_dag.py
[2025-02-04 15:18:45,695] {processor.py:641} INFO - Processing file /opt/airflow/dags/example_dag.py for tasks to queue
[2025-02-04 15:18:45,696] {logging_mixin.py:115} INFO - [2025-02-04 15:18:45,696] {dagbag.py:507} INFO - Filling up the DagBag from /opt/airflow/dags/example_dag.py
[2025-02-04 15:18:45,702] {processor.py:651} INFO - DAG(s) dict_keys(['example_dag']) retrieved from /opt/airflow/dags/example_dag.py
[2025-02-04 15:18:45,718] {logging_mixin.py:115} INFO - [2025-02-04 15:18:45,718] {dag.py:2371} INFO - Sync 1 DAGs
[2025-02-04 15:18:45,730] {logging_mixin.py:115} INFO - [2025-02-04 15:18:45,730] {dag.py:2919} INFO - Setting next_dagrun for example_dag to 2025-02-03T15:18:45.729936+00:00, run_after=2025-02-04T15:18:45.729936+00:00
[2025-02-04 15:18:45,734] {processor.py:161} INFO - Processing /opt/airflow/dags/example_dag.py took 0.042 seconds
[2025-02-04 15:19:15,919] {processor.py:153} INFO - Started process (PID=37) to work on /opt/airflow/dags/example_dag.py
[2025-02-04 15:19:15,920] {processor.py:641} INFO - Processing file /opt/airflow/dags/example_dag.py for tasks to queue
[2025-02-04 15:19:15,922] {logging_mixin.py:115} INFO - [2025-02-04 15:19:15,921] {dagbag.py:507} INFO - Filling up the DagBag from /opt/airflow/dags/example_dag.py
[2025-02-04 15:19:15,940] {processor.py:651} INFO - DAG(s) dict_keys(['example_dag']) retrieved from /opt/airflow/dags/example_dag.py
[2025-02-04 15:19:15,962] {logging_mixin.py:115} INFO - [2025-02-04 15:19:15,961] {dag.py:2371} INFO - Sync 1 DAGs
[2025-02-04 15:19:15,976] {logging_mixin.py:115} INFO - [2025-02-04 15:19:15,976] {dag.py:2919} INFO - Setting next_dagrun for example_dag to 2025-02-03T15:19:15.976519+00:00, run_after=2025-02-04T15:19:15.976519+00:00
[2025-02-04 15:19:15,982] {processor.py:161} INFO - Processing /opt/airflow/dags/example_dag.py took 0.073 seconds
[2025-02-04 15:19:46,139] {processor.py:153} INFO - Started process (PID=38) to work on /opt/airflow/dags/example_dag.py
[2025-02-04 15:19:46,140] {processor.py:641} INFO - Processing file /opt/airflow/dags/example_dag.py for tasks to queue
[2025-02-04 15:19:46,141] {logging_mixin.py:115} INFO - [2025-02-04 15:19:46,141] {dagbag.py:507} INFO - Filling up the DagBag from /opt/airflow/dags/example_dag.py
[2025-02-04 15:19:46,156] {processor.py:651} INFO - DAG(s) dict_keys(['example_dag']) retrieved from /opt/airflow/dags/example_dag.py
[2025-02-04 15:19:46,180] {logging_mixin.py:115} INFO - [2025-02-04 15:19:46,180] {dag.py:2371} INFO - Sync 1 DAGs
[2025-02-04 15:19:46,196] {logging_mixin.py:115} INFO - [2025-02-04 15:19:46,196] {dag.py:2919} INFO - Setting next_dagrun for example_dag to 2025-02-03T15:19:46.195907+00:00, run_after=2025-02-04T15:19:46.195907+00:00
[2025-02-04 15:19:46,201] {processor.py:161} INFO - Processing /opt/airflow/dags/example_dag.py took 0.068 seconds
[2025-02-04 15:20:24,875] {processor.py:153} INFO - Started process (PID=39) to work on /opt/airflow/dags/example_dag.py
[2025-02-04 15:20:24,875] {processor.py:641} INFO - Processing file /opt/airflow/dags/example_dag.py for tasks to queue
[2025-02-04 15:20:24,876] {logging_mixin.py:115} INFO - [2025-02-04 15:20:24,876] {dagbag.py:507} INFO - Filling up the DagBag from /opt/airflow/dags/example_dag.py
[2025-02-04 15:20:24,888] {processor.py:651} INFO - DAG(s) dict_keys(['example_dag']) retrieved from /opt/airflow/dags/example_dag.py
[2025-02-04 15:20:24,921] {logging_mixin.py:115} INFO - [2025-02-04 15:20:24,921] {dag.py:2371} INFO - Sync 1 DAGs
[2025-02-04 15:20:24,938] {logging_mixin.py:115} INFO - [2025-02-04 15:20:24,938] {dag.py:2919} INFO - Setting next_dagrun for example_dag to 2025-02-03T15:20:24.937756+00:00, run_after=2025-02-04T15:20:24.937756+00:00
[2025-02-04 15:20:24,943] {processor.py:161} INFO - Processing /opt/airflow/dags/example_dag.py took 0.073 seconds
[2025-02-04 15:21:04,452] {processor.py:153} INFO - Started process (PID=40) to work on /opt/airflow/dags/example_dag.py
[2025-02-04 15:21:04,452] {processor.py:641} INFO - Processing file /opt/airflow/dags/example_dag.py for tasks to queue
[2025-02-04 15:21:04,453] {logging_mixin.py:115} INFO - [2025-02-04 15:21:04,453] {dagbag.py:507} INFO - Filling up the DagBag from /opt/airflow/dags/example_dag.py
[2025-02-04 15:21:04,460] {processor.py:651} INFO - DAG(s) dict_keys(['example_dag']) retrieved from /opt/airflow/dags/example_dag.py
[2025-02-04 15:21:04,478] {logging_mixin.py:115} INFO - [2025-02-04 15:21:04,478] {dag.py:2371} INFO - Sync 1 DAGs
[2025-02-04 15:21:04,490] {logging_mixin.py:115} INFO - [2025-02-04 15:21:04,490] {dag.py:2919} INFO - Setting next_dagrun for example_dag to 2025-02-03T15:21:04.490558+00:00, run_after=2025-02-04T15:21:04.490558+00:00
[2025-02-04 15:21:04,495] {processor.py:161} INFO - Processing /opt/airflow/dags/example_dag.py took 0.046 seconds
[2025-02-04 15:22:52,928] {processor.py:153} INFO - Started process (PID=41) to work on /opt/airflow/dags/example_dag.py
[2025-02-04 15:22:52,929] {processor.py:641} INFO - Processing file /opt/airflow/dags/example_dag.py for tasks to queue
[2025-02-04 15:22:52,929] {logging_mixin.py:115} INFO - [2025-02-04 15:22:52,929] {dagbag.py:507} INFO - Filling up the DagBag from /opt/airflow/dags/example_dag.py
[2025-02-04 15:22:52,941] {processor.py:651} INFO - DAG(s) dict_keys(['example_dag']) retrieved from /opt/airflow/dags/example_dag.py
[2025-02-04 15:22:52,972] {logging_mixin.py:115} INFO - [2025-02-04 15:22:52,972] {dag.py:2371} INFO - Sync 1 DAGs
[2025-02-04 15:22:52,991] {logging_mixin.py:115} INFO - [2025-02-04 15:22:52,991] {dag.py:2919} INFO - Setting next_dagrun for example_dag to 2025-02-03T15:22:52.991398+00:00, run_after=2025-02-04T15:22:52.991398+00:00
[2025-02-04 15:22:52,999] {processor.py:161} INFO - Processing /opt/airflow/dags/example_dag.py took 0.077 seconds
[2025-02-04 16:15:51,173] {processor.py:153} INFO - Started process (PID=44) to work on /opt/airflow/dags/example_dag.py
[2025-02-04 16:15:51,174] {processor.py:641} INFO - Processing file /opt/airflow/dags/example_dag.py for tasks to queue
[2025-02-04 16:15:51,174] {logging_mixin.py:115} INFO - [2025-02-04 16:15:51,174] {dagbag.py:507} INFO - Filling up the DagBag from /opt/airflow/dags/example_dag.py
[2025-02-04 16:15:51,184] {processor.py:651} INFO - DAG(s) dict_keys(['example_dag']) retrieved from /opt/airflow/dags/example_dag.py
[2025-02-04 16:15:51,222] {logging_mixin.py:115} INFO - [2025-02-04 16:15:51,222] {dag.py:2371} INFO - Sync 1 DAGs
[2025-02-04 16:15:51,237] {logging_mixin.py:115} INFO - [2025-02-04 16:15:51,237] {dag.py:2919} INFO - Setting next_dagrun for example_dag to 2025-02-03T16:15:51.236982+00:00, run_after=2025-02-04T16:15:51.236982+00:00
[2025-02-04 16:15:51,243] {processor.py:161} INFO - Processing /opt/airflow/dags/example_dag.py took 0.072 seconds
[2025-02-04 17:21:00,952] {processor.py:153} INFO - Started process (PID=45) to work on /opt/airflow/dags/example_dag.py
[2025-02-04 17:21:00,952] {processor.py:641} INFO - Processing file /opt/airflow/dags/example_dag.py for tasks to queue
[2025-02-04 17:21:00,953] {logging_mixin.py:115} INFO - [2025-02-04 17:21:00,952] {dagbag.py:507} INFO - Filling up the DagBag from /opt/airflow/dags/example_dag.py
[2025-02-04 17:21:00,960] {processor.py:651} INFO - DAG(s) dict_keys(['example_dag']) retrieved from /opt/airflow/dags/example_dag.py
[2025-02-04 17:21:00,990] {logging_mixin.py:115} INFO - [2025-02-04 17:21:00,990] {dag.py:2371} INFO - Sync 1 DAGs
[2025-02-04 17:21:01,042] {logging_mixin.py:115} INFO - [2025-02-04 17:21:01,042] {dag.py:2919} INFO - Setting next_dagrun for example_dag to 2025-02-03T17:21:01.041196+00:00, run_after=2025-02-04T17:21:01.041196+00:00
[2025-02-04 17:21:01,067] {processor.py:161} INFO - Processing /opt/airflow/dags/example_dag.py took 0.119 seconds
[2025-02-04 18:58:43,459] {processor.py:153} INFO - Started process (PID=47) to work on /opt/airflow/dags/example_dag.py
[2025-02-04 18:58:43,459] {processor.py:641} INFO - Processing file /opt/airflow/dags/example_dag.py for tasks to queue
[2025-02-04 18:58:43,459] {logging_mixin.py:115} INFO - [2025-02-04 18:58:43,459] {dagbag.py:507} INFO - Filling up the DagBag from /opt/airflow/dags/example_dag.py
[2025-02-04 18:58:43,466] {processor.py:651} INFO - DAG(s) dict_keys(['example_dag']) retrieved from /opt/airflow/dags/example_dag.py
[2025-02-04 18:58:43,483] {logging_mixin.py:115} INFO - [2025-02-04 18:58:43,483] {dag.py:2371} INFO - Sync 1 DAGs
[2025-02-04 18:58:43,498] {logging_mixin.py:115} INFO - [2025-02-04 18:58:43,498] {dag.py:2919} INFO - Setting next_dagrun for example_dag to 2025-02-03T18:58:43.497935+00:00, run_after=2025-02-04T18:58:43.497935+00:00
[2025-02-04 18:58:43,505] {processor.py:161} INFO - Processing /opt/airflow/dags/example_dag.py took 0.050 seconds
[2025-02-04 20:24:48,439] {processor.py:153} INFO - Started process (PID=49) to work on /opt/airflow/dags/example_dag.py
[2025-02-04 20:24:48,439] {processor.py:641} INFO - Processing file /opt/airflow/dags/example_dag.py for tasks to queue
[2025-02-04 20:24:48,440] {logging_mixin.py:115} INFO - [2025-02-04 20:24:48,440] {dagbag.py:507} INFO - Filling up the DagBag from /opt/airflow/dags/example_dag.py
[2025-02-04 20:24:48,463] {processor.py:651} INFO - DAG(s) dict_keys(['example_dag']) retrieved from /opt/airflow/dags/example_dag.py
[2025-02-04 20:24:48,516] {logging_mixin.py:115} INFO - [2025-02-04 20:24:48,515] {dag.py:2371} INFO - Sync 1 DAGs
[2025-02-04 20:24:48,548] {logging_mixin.py:115} INFO - [2025-02-04 20:24:48,548] {dag.py:2919} INFO - Setting next_dagrun for example_dag to 2025-02-03T20:24:48.548326+00:00, run_after=2025-02-04T20:24:48.548326+00:00
[2025-02-04 20:24:48,565] {processor.py:161} INFO - Processing /opt/airflow/dags/example_dag.py took 0.132 seconds
[2025-02-04 21:49:04,011] {processor.py:153} INFO - Started process (PID=50) to work on /opt/airflow/dags/example_dag.py
[2025-02-04 21:49:04,012] {processor.py:641} INFO - Processing file /opt/airflow/dags/example_dag.py for tasks to queue
[2025-02-04 21:49:04,012] {logging_mixin.py:115} INFO - [2025-02-04 21:49:04,012] {dagbag.py:507} INFO - Filling up the DagBag from /opt/airflow/dags/example_dag.py
[2025-02-04 21:49:04,019] {processor.py:651} INFO - DAG(s) dict_keys(['example_dag']) retrieved from /opt/airflow/dags/example_dag.py
[2025-02-04 21:49:04,044] {logging_mixin.py:115} INFO - [2025-02-04 21:49:04,044] {dag.py:2371} INFO - Sync 1 DAGs
[2025-02-04 21:49:04,068] {logging_mixin.py:115} INFO - [2025-02-04 21:49:04,068] {dag.py:2919} INFO - Setting next_dagrun for example_dag to 2025-02-03T21:49:04.068115+00:00, run_after=2025-02-04T21:49:04.068115+00:00
[2025-02-04 21:49:04,079] {processor.py:161} INFO - Processing /opt/airflow/dags/example_dag.py took 0.071 seconds
[2025-02-04 21:49:34,315] {processor.py:153} INFO - Started process (PID=51) to work on /opt/airflow/dags/example_dag.py
[2025-02-04 21:49:34,316] {processor.py:641} INFO - Processing file /opt/airflow/dags/example_dag.py for tasks to queue
[2025-02-04 21:49:34,317] {logging_mixin.py:115} INFO - [2025-02-04 21:49:34,317] {dagbag.py:507} INFO - Filling up the DagBag from /opt/airflow/dags/example_dag.py
[2025-02-04 21:49:34,329] {processor.py:651} INFO - DAG(s) dict_keys(['example_dag']) retrieved from /opt/airflow/dags/example_dag.py
[2025-02-04 21:49:34,375] {logging_mixin.py:115} INFO - [2025-02-04 21:49:34,375] {dag.py:2371} INFO - Sync 1 DAGs
[2025-02-04 21:49:34,391] {logging_mixin.py:115} INFO - [2025-02-04 21:49:34,391] {dag.py:2919} INFO - Setting next_dagrun for example_dag to 2025-02-03T21:49:34.391217+00:00, run_after=2025-02-04T21:49:34.391217+00:00
[2025-02-04 21:49:34,396] {processor.py:161} INFO - Processing /opt/airflow/dags/example_dag.py took 0.087 seconds
[2025-02-04 23:07:16,518] {processor.py:153} INFO - Started process (PID=54) to work on /opt/airflow/dags/example_dag.py
[2025-02-04 23:07:16,519] {processor.py:641} INFO - Processing file /opt/airflow/dags/example_dag.py for tasks to queue
[2025-02-04 23:07:16,520] {logging_mixin.py:115} INFO - [2025-02-04 23:07:16,520] {dagbag.py:507} INFO - Filling up the DagBag from /opt/airflow/dags/example_dag.py
[2025-02-04 23:07:16,529] {processor.py:651} INFO - DAG(s) dict_keys(['example_dag']) retrieved from /opt/airflow/dags/example_dag.py
[2025-02-04 23:07:16,556] {logging_mixin.py:115} INFO - [2025-02-04 23:07:16,556] {dag.py:2371} INFO - Sync 1 DAGs
[2025-02-04 23:07:16,583] {logging_mixin.py:115} INFO - [2025-02-04 23:07:16,583] {dag.py:2919} INFO - Setting next_dagrun for example_dag to 2025-02-03T23:07:16.581914+00:00, run_after=2025-02-04T23:07:16.581914+00:00
[2025-02-04 23:07:16,602] {processor.py:161} INFO - Processing /opt/airflow/dags/example_dag.py took 0.087 seconds
