[2025-02-05 02:53:35,042] {taskinstance.py:1159} INFO - Dependencies all met for <TaskInstance: example_dag.print_hello_1 manual__2025-02-05T02:53:33.731351+00:00 [queued]>
[2025-02-05 02:53:35,045] {taskinstance.py:1159} INFO - Dependencies all met for <TaskInstance: example_dag.print_hello_1 manual__2025-02-05T02:53:33.731351+00:00 [queued]>
[2025-02-05 02:53:35,045] {taskinstance.py:1356} INFO - 
--------------------------------------------------------------------------------
[2025-02-05 02:53:35,045] {taskinstance.py:1357} INFO - Starting attempt 1 of 2
[2025-02-05 02:53:35,045] {taskinstance.py:1358} INFO - 
--------------------------------------------------------------------------------
[2025-02-05 02:53:35,049] {taskinstance.py:1377} INFO - Executing <Task(PythonOperator): print_hello_1> on 2025-02-05 02:53:33.731351+00:00
[2025-02-05 02:53:35,052] {standard_task_runner.py:52} INFO - Started process 241 to run task
[2025-02-05 02:53:35,053] {standard_task_runner.py:79} INFO - Running: ['***', 'tasks', 'run', 'example_dag', 'print_hello_1', 'manual__2025-02-05T02:53:33.731351+00:00', '--job-id', '13', '--raw', '--subdir', 'DAGS_FOLDER/example_dag.py', '--cfg-path', '/tmp/tmp88pyeq1n', '--error-file', '/tmp/tmp3ty8jvtu']
[2025-02-05 02:53:35,053] {standard_task_runner.py:80} INFO - Job 13: Subtask print_hello_1
[2025-02-05 02:53:35,074] {task_command.py:369} INFO - Running <TaskInstance: example_dag.print_hello_1 manual__2025-02-05T02:53:33.731351+00:00 [running]> on host aaf7acf6e6cd
[2025-02-05 02:53:35,103] {taskinstance.py:1571} INFO - Exporting the following env vars:
AIRFLOW_CTX_DAG_OWNER=***
AIRFLOW_CTX_DAG_ID=example_dag
AIRFLOW_CTX_TASK_ID=print_hello_1
AIRFLOW_CTX_EXECUTION_DATE=2025-02-05T02:53:33.731351+00:00
AIRFLOW_CTX_TRY_NUMBER=1
AIRFLOW_CTX_DAG_RUN_ID=manual__2025-02-05T02:53:33.731351+00:00
[2025-02-05 02:53:35,103] {logging_mixin.py:115} INFO - Hello, Airflow! This is a simple task.
[2025-02-05 02:53:35,103] {logging_mixin.py:115} INFO - Execution date: 2025-02-05
[2025-02-05 02:53:35,104] {python.py:173} INFO - Done. Returned value was: None
[2025-02-05 02:53:35,108] {taskinstance.py:1400} INFO - Marking task as SUCCESS. dag_id=example_dag, task_id=print_hello_1, execution_date=20250205T025333, start_date=20250205T025335, end_date=20250205T025335
[2025-02-05 02:53:35,151] {local_task_job.py:156} INFO - Task exited with return code 0
[2025-02-05 02:53:35,164] {local_task_job.py:273} INFO - 1 downstream tasks scheduled from follow-on schedule check
