[2025-02-05T06:23:24.167+0000] {processor.py:157} INFO - Started process (PID=385) to work on /opt/airflow/dags/task_group_dag.py
[2025-02-05T06:23:24.168+0000] {processor.py:829} INFO - Processing file /opt/airflow/dags/task_group_dag.py for tasks to queue
[2025-02-05T06:23:24.169+0000] {logging_mixin.py:151} INFO - [2025-02-05T06:23:24.169+0000] {dagbag.py:539} INFO - Filling up the DagBag from /opt/airflow/dags/task_group_dag.py
[2025-02-05T06:23:24.186+0000] {processor.py:839} INFO - DAG(s) dict_keys(['task_group_example']) retrieved from /opt/airflow/dags/task_group_dag.py
[2025-02-05T06:23:24.233+0000] {logging_mixin.py:151} INFO - [2025-02-05T06:23:24.233+0000] {manager.py:501} INFO - Created Permission View: can read on DAG:task_group_example
[2025-02-05T06:23:24.235+0000] {logging_mixin.py:151} INFO - [2025-02-05T06:23:24.235+0000] {manager.py:501} INFO - Created Permission View: can delete on DAG:task_group_example
[2025-02-05T06:23:24.237+0000] {logging_mixin.py:151} INFO - [2025-02-05T06:23:24.237+0000] {manager.py:501} INFO - Created Permission View: can edit on DAG:task_group_example
[2025-02-05T06:23:24.241+0000] {logging_mixin.py:151} INFO - [2025-02-05T06:23:24.241+0000] {dag.py:2907} INFO - Sync 1 DAGs
[2025-02-05T06:23:24.245+0000] {logging_mixin.py:151} INFO - [2025-02-05T06:23:24.245+0000] {dag.py:2929} INFO - Creating ORM DAG for task_group_example
[2025-02-05T06:23:24.250+0000] {logging_mixin.py:151} INFO - [2025-02-05T06:23:24.250+0000] {dag.py:3677} INFO - Setting next_dagrun for task_group_example to 2024-02-01T00:00:00+00:00, run_after=2024-02-02T00:00:00+00:00
[2025-02-05T06:23:24.255+0000] {processor.py:179} INFO - Processing /opt/airflow/dags/task_group_dag.py took 0.092 seconds
[2025-02-05T06:23:54.618+0000] {processor.py:157} INFO - Started process (PID=387) to work on /opt/airflow/dags/task_group_dag.py
[2025-02-05T06:23:54.620+0000] {processor.py:829} INFO - Processing file /opt/airflow/dags/task_group_dag.py for tasks to queue
[2025-02-05T06:23:54.620+0000] {logging_mixin.py:151} INFO - [2025-02-05T06:23:54.620+0000] {dagbag.py:539} INFO - Filling up the DagBag from /opt/airflow/dags/task_group_dag.py
[2025-02-05T06:23:54.637+0000] {processor.py:839} INFO - DAG(s) dict_keys(['task_group_example']) retrieved from /opt/airflow/dags/task_group_dag.py
[2025-02-05T06:23:54.660+0000] {logging_mixin.py:151} INFO - [2025-02-05T06:23:54.660+0000] {dag.py:2907} INFO - Sync 1 DAGs
[2025-02-05T06:23:54.670+0000] {logging_mixin.py:151} INFO - [2025-02-05T06:23:54.670+0000] {dag.py:3677} INFO - Setting next_dagrun for task_group_example to 2024-02-01T00:00:00+00:00, run_after=2024-02-02T00:00:00+00:00
[2025-02-05T06:23:54.690+0000] {processor.py:179} INFO - Processing /opt/airflow/dags/task_group_dag.py took 0.076 seconds
[2025-02-05T06:24:24.952+0000] {processor.py:157} INFO - Started process (PID=389) to work on /opt/airflow/dags/task_group_dag.py
[2025-02-05T06:24:24.952+0000] {processor.py:829} INFO - Processing file /opt/airflow/dags/task_group_dag.py for tasks to queue
[2025-02-05T06:24:24.953+0000] {logging_mixin.py:151} INFO - [2025-02-05T06:24:24.953+0000] {dagbag.py:539} INFO - Filling up the DagBag from /opt/airflow/dags/task_group_dag.py
[2025-02-05T06:24:24.964+0000] {processor.py:839} INFO - DAG(s) dict_keys(['task_group_example']) retrieved from /opt/airflow/dags/task_group_dag.py
[2025-02-05T06:24:25.026+0000] {logging_mixin.py:151} INFO - [2025-02-05T06:24:25.026+0000] {dag.py:2907} INFO - Sync 1 DAGs
[2025-02-05T06:24:25.031+0000] {logging_mixin.py:151} INFO - [2025-02-05T06:24:25.031+0000] {dag.py:2929} INFO - Creating ORM DAG for task_group_example
[2025-02-05T06:24:25.035+0000] {logging_mixin.py:151} INFO - [2025-02-05T06:24:25.035+0000] {dag.py:3677} INFO - Setting next_dagrun for task_group_example to 2024-02-01T00:00:00+00:00, run_after=2024-02-02T00:00:00+00:00
[2025-02-05T06:24:25.042+0000] {processor.py:179} INFO - Processing /opt/airflow/dags/task_group_dag.py took 0.096 seconds
[2025-02-05T06:24:55.322+0000] {processor.py:157} INFO - Started process (PID=391) to work on /opt/airflow/dags/task_group_dag.py
[2025-02-05T06:24:55.322+0000] {processor.py:829} INFO - Processing file /opt/airflow/dags/task_group_dag.py for tasks to queue
[2025-02-05T06:24:55.323+0000] {logging_mixin.py:151} INFO - [2025-02-05T06:24:55.323+0000] {dagbag.py:539} INFO - Filling up the DagBag from /opt/airflow/dags/task_group_dag.py
[2025-02-05T06:24:55.337+0000] {processor.py:839} INFO - DAG(s) dict_keys(['task_group_example']) retrieved from /opt/airflow/dags/task_group_dag.py
[2025-02-05T06:24:55.353+0000] {logging_mixin.py:151} INFO - [2025-02-05T06:24:55.353+0000] {dag.py:2907} INFO - Sync 1 DAGs
[2025-02-05T06:24:55.363+0000] {logging_mixin.py:151} INFO - [2025-02-05T06:24:55.363+0000] {dag.py:3677} INFO - Setting next_dagrun for task_group_example to 2024-02-01T00:00:00+00:00, run_after=2024-02-02T00:00:00+00:00
[2025-02-05T06:24:55.372+0000] {processor.py:179} INFO - Processing /opt/airflow/dags/task_group_dag.py took 0.054 seconds
[2025-02-05T06:25:25.773+0000] {processor.py:157} INFO - Started process (PID=393) to work on /opt/airflow/dags/task_group_dag.py
[2025-02-05T06:25:25.774+0000] {processor.py:829} INFO - Processing file /opt/airflow/dags/task_group_dag.py for tasks to queue
[2025-02-05T06:25:25.775+0000] {logging_mixin.py:151} INFO - [2025-02-05T06:25:25.775+0000] {dagbag.py:539} INFO - Filling up the DagBag from /opt/airflow/dags/task_group_dag.py
[2025-02-05T06:25:25.787+0000] {processor.py:839} INFO - DAG(s) dict_keys(['task_group_example']) retrieved from /opt/airflow/dags/task_group_dag.py
[2025-02-05T06:25:25.803+0000] {logging_mixin.py:151} INFO - [2025-02-05T06:25:25.803+0000] {dag.py:2907} INFO - Sync 1 DAGs
[2025-02-05T06:25:25.814+0000] {logging_mixin.py:151} INFO - [2025-02-05T06:25:25.814+0000] {dag.py:3677} INFO - Setting next_dagrun for task_group_example to 2024-02-01T00:00:00+00:00, run_after=2024-02-02T00:00:00+00:00
[2025-02-05T06:25:25.821+0000] {processor.py:179} INFO - Processing /opt/airflow/dags/task_group_dag.py took 0.052 seconds
[2025-02-05T06:25:56.169+0000] {processor.py:157} INFO - Started process (PID=395) to work on /opt/airflow/dags/task_group_dag.py
[2025-02-05T06:25:56.170+0000] {processor.py:829} INFO - Processing file /opt/airflow/dags/task_group_dag.py for tasks to queue
[2025-02-05T06:25:56.171+0000] {logging_mixin.py:151} INFO - [2025-02-05T06:25:56.170+0000] {dagbag.py:539} INFO - Filling up the DagBag from /opt/airflow/dags/task_group_dag.py
[2025-02-05T06:25:56.187+0000] {processor.py:839} INFO - DAG(s) dict_keys(['task_group_example']) retrieved from /opt/airflow/dags/task_group_dag.py
[2025-02-05T06:25:56.210+0000] {logging_mixin.py:151} INFO - [2025-02-05T06:25:56.210+0000] {dag.py:2907} INFO - Sync 1 DAGs
[2025-02-05T06:25:56.224+0000] {logging_mixin.py:151} INFO - [2025-02-05T06:25:56.223+0000] {dag.py:3677} INFO - Setting next_dagrun for task_group_example to 2024-02-01T00:00:00+00:00, run_after=2024-02-02T00:00:00+00:00
[2025-02-05T06:25:56.232+0000] {processor.py:179} INFO - Processing /opt/airflow/dags/task_group_dag.py took 0.068 seconds
[2025-02-05T06:26:26.494+0000] {processor.py:157} INFO - Started process (PID=397) to work on /opt/airflow/dags/task_group_dag.py
[2025-02-05T06:26:26.496+0000] {processor.py:829} INFO - Processing file /opt/airflow/dags/task_group_dag.py for tasks to queue
[2025-02-05T06:26:26.497+0000] {logging_mixin.py:151} INFO - [2025-02-05T06:26:26.497+0000] {dagbag.py:539} INFO - Filling up the DagBag from /opt/airflow/dags/task_group_dag.py
[2025-02-05T06:26:26.519+0000] {processor.py:839} INFO - DAG(s) dict_keys(['task_group_example']) retrieved from /opt/airflow/dags/task_group_dag.py
[2025-02-05T06:26:26.538+0000] {logging_mixin.py:151} INFO - [2025-02-05T06:26:26.538+0000] {dag.py:2907} INFO - Sync 1 DAGs
[2025-02-05T06:26:26.550+0000] {logging_mixin.py:151} INFO - [2025-02-05T06:26:26.550+0000] {dag.py:3677} INFO - Setting next_dagrun for task_group_example to 2024-02-01T00:00:00+00:00, run_after=2024-02-02T00:00:00+00:00
[2025-02-05T06:26:26.557+0000] {processor.py:179} INFO - Processing /opt/airflow/dags/task_group_dag.py took 0.068 seconds
[2025-02-05T06:26:56.833+0000] {processor.py:157} INFO - Started process (PID=399) to work on /opt/airflow/dags/task_group_dag.py
[2025-02-05T06:26:56.834+0000] {processor.py:829} INFO - Processing file /opt/airflow/dags/task_group_dag.py for tasks to queue
[2025-02-05T06:26:56.835+0000] {logging_mixin.py:151} INFO - [2025-02-05T06:26:56.835+0000] {dagbag.py:539} INFO - Filling up the DagBag from /opt/airflow/dags/task_group_dag.py
[2025-02-05T06:26:56.850+0000] {processor.py:839} INFO - DAG(s) dict_keys(['task_group_example']) retrieved from /opt/airflow/dags/task_group_dag.py
[2025-02-05T06:26:56.866+0000] {logging_mixin.py:151} INFO - [2025-02-05T06:26:56.866+0000] {dag.py:2907} INFO - Sync 1 DAGs
[2025-02-05T06:26:56.877+0000] {logging_mixin.py:151} INFO - [2025-02-05T06:26:56.877+0000] {dag.py:3677} INFO - Setting next_dagrun for task_group_example to 2024-02-01T00:00:00+00:00, run_after=2024-02-02T00:00:00+00:00
[2025-02-05T06:26:56.884+0000] {processor.py:179} INFO - Processing /opt/airflow/dags/task_group_dag.py took 0.055 seconds
[2025-02-05T06:27:27.263+0000] {processor.py:157} INFO - Started process (PID=401) to work on /opt/airflow/dags/task_group_dag.py
[2025-02-05T06:27:27.265+0000] {processor.py:829} INFO - Processing file /opt/airflow/dags/task_group_dag.py for tasks to queue
[2025-02-05T06:27:27.266+0000] {logging_mixin.py:151} INFO - [2025-02-05T06:27:27.266+0000] {dagbag.py:539} INFO - Filling up the DagBag from /opt/airflow/dags/task_group_dag.py
[2025-02-05T06:27:27.286+0000] {processor.py:839} INFO - DAG(s) dict_keys(['task_group_example']) retrieved from /opt/airflow/dags/task_group_dag.py
[2025-02-05T06:27:27.306+0000] {logging_mixin.py:151} INFO - [2025-02-05T06:27:27.306+0000] {dag.py:2907} INFO - Sync 1 DAGs
[2025-02-05T06:27:27.318+0000] {logging_mixin.py:151} INFO - [2025-02-05T06:27:27.318+0000] {dag.py:3677} INFO - Setting next_dagrun for task_group_example to 2024-02-01T00:00:00+00:00, run_after=2024-02-02T00:00:00+00:00
[2025-02-05T06:27:27.325+0000] {processor.py:179} INFO - Processing /opt/airflow/dags/task_group_dag.py took 0.068 seconds
[2025-02-05T06:27:57.647+0000] {processor.py:157} INFO - Started process (PID=403) to work on /opt/airflow/dags/task_group_dag.py
[2025-02-05T06:27:57.648+0000] {processor.py:829} INFO - Processing file /opt/airflow/dags/task_group_dag.py for tasks to queue
[2025-02-05T06:27:57.649+0000] {logging_mixin.py:151} INFO - [2025-02-05T06:27:57.648+0000] {dagbag.py:539} INFO - Filling up the DagBag from /opt/airflow/dags/task_group_dag.py
[2025-02-05T06:27:57.665+0000] {processor.py:839} INFO - DAG(s) dict_keys(['task_group_example']) retrieved from /opt/airflow/dags/task_group_dag.py
[2025-02-05T06:27:57.682+0000] {logging_mixin.py:151} INFO - [2025-02-05T06:27:57.682+0000] {dag.py:2907} INFO - Sync 1 DAGs
[2025-02-05T06:27:57.692+0000] {logging_mixin.py:151} INFO - [2025-02-05T06:27:57.692+0000] {dag.py:3677} INFO - Setting next_dagrun for task_group_example to 2024-02-01T00:00:00+00:00, run_after=2024-02-02T00:00:00+00:00
[2025-02-05T06:27:57.698+0000] {processor.py:179} INFO - Processing /opt/airflow/dags/task_group_dag.py took 0.059 seconds
[2025-02-05T06:28:28.044+0000] {processor.py:157} INFO - Started process (PID=405) to work on /opt/airflow/dags/task_group_dag.py
[2025-02-05T06:28:28.045+0000] {processor.py:829} INFO - Processing file /opt/airflow/dags/task_group_dag.py for tasks to queue
[2025-02-05T06:28:28.046+0000] {logging_mixin.py:151} INFO - [2025-02-05T06:28:28.046+0000] {dagbag.py:539} INFO - Filling up the DagBag from /opt/airflow/dags/task_group_dag.py
[2025-02-05T06:28:28.061+0000] {processor.py:839} INFO - DAG(s) dict_keys(['task_group_example']) retrieved from /opt/airflow/dags/task_group_dag.py
[2025-02-05T06:28:28.078+0000] {logging_mixin.py:151} INFO - [2025-02-05T06:28:28.078+0000] {dag.py:2907} INFO - Sync 1 DAGs
[2025-02-05T06:28:28.091+0000] {logging_mixin.py:151} INFO - [2025-02-05T06:28:28.091+0000] {dag.py:3677} INFO - Setting next_dagrun for task_group_example to 2024-02-01T00:00:00+00:00, run_after=2024-02-02T00:00:00+00:00
[2025-02-05T06:28:28.099+0000] {processor.py:179} INFO - Processing /opt/airflow/dags/task_group_dag.py took 0.060 seconds
[2025-02-05T06:28:58.444+0000] {processor.py:157} INFO - Started process (PID=407) to work on /opt/airflow/dags/task_group_dag.py
[2025-02-05T06:28:58.446+0000] {processor.py:829} INFO - Processing file /opt/airflow/dags/task_group_dag.py for tasks to queue
[2025-02-05T06:28:58.446+0000] {logging_mixin.py:151} INFO - [2025-02-05T06:28:58.446+0000] {dagbag.py:539} INFO - Filling up the DagBag from /opt/airflow/dags/task_group_dag.py
[2025-02-05T06:28:58.459+0000] {processor.py:839} INFO - DAG(s) dict_keys(['task_group_example']) retrieved from /opt/airflow/dags/task_group_dag.py
[2025-02-05T06:28:58.479+0000] {logging_mixin.py:151} INFO - [2025-02-05T06:28:58.479+0000] {dag.py:2907} INFO - Sync 1 DAGs
[2025-02-05T06:28:58.492+0000] {logging_mixin.py:151} INFO - [2025-02-05T06:28:58.492+0000] {dag.py:3677} INFO - Setting next_dagrun for task_group_example to 2024-02-01T00:00:00+00:00, run_after=2024-02-02T00:00:00+00:00
[2025-02-05T06:28:58.499+0000] {processor.py:179} INFO - Processing /opt/airflow/dags/task_group_dag.py took 0.060 seconds
[2025-02-05T06:29:28.826+0000] {processor.py:157} INFO - Started process (PID=409) to work on /opt/airflow/dags/task_group_dag.py
[2025-02-05T06:29:28.828+0000] {processor.py:829} INFO - Processing file /opt/airflow/dags/task_group_dag.py for tasks to queue
[2025-02-05T06:29:28.828+0000] {logging_mixin.py:151} INFO - [2025-02-05T06:29:28.828+0000] {dagbag.py:539} INFO - Filling up the DagBag from /opt/airflow/dags/task_group_dag.py
[2025-02-05T06:29:28.843+0000] {processor.py:839} INFO - DAG(s) dict_keys(['task_group_example']) retrieved from /opt/airflow/dags/task_group_dag.py
[2025-02-05T06:29:28.860+0000] {logging_mixin.py:151} INFO - [2025-02-05T06:29:28.860+0000] {dag.py:2907} INFO - Sync 1 DAGs
[2025-02-05T06:29:28.870+0000] {logging_mixin.py:151} INFO - [2025-02-05T06:29:28.870+0000] {dag.py:3677} INFO - Setting next_dagrun for task_group_example to 2024-02-01T00:00:00+00:00, run_after=2024-02-02T00:00:00+00:00
[2025-02-05T06:29:28.877+0000] {processor.py:179} INFO - Processing /opt/airflow/dags/task_group_dag.py took 0.056 seconds
[2025-02-05T06:29:59.198+0000] {processor.py:157} INFO - Started process (PID=411) to work on /opt/airflow/dags/task_group_dag.py
[2025-02-05T06:29:59.199+0000] {processor.py:829} INFO - Processing file /opt/airflow/dags/task_group_dag.py for tasks to queue
[2025-02-05T06:29:59.199+0000] {logging_mixin.py:151} INFO - [2025-02-05T06:29:59.199+0000] {dagbag.py:539} INFO - Filling up the DagBag from /opt/airflow/dags/task_group_dag.py
[2025-02-05T06:29:59.212+0000] {processor.py:839} INFO - DAG(s) dict_keys(['task_group_example']) retrieved from /opt/airflow/dags/task_group_dag.py
[2025-02-05T06:29:59.231+0000] {logging_mixin.py:151} INFO - [2025-02-05T06:29:59.231+0000] {dag.py:2907} INFO - Sync 1 DAGs
[2025-02-05T06:29:59.241+0000] {logging_mixin.py:151} INFO - [2025-02-05T06:29:59.241+0000] {dag.py:3677} INFO - Setting next_dagrun for task_group_example to 2024-02-01T00:00:00+00:00, run_after=2024-02-02T00:00:00+00:00
[2025-02-05T06:29:59.249+0000] {processor.py:179} INFO - Processing /opt/airflow/dags/task_group_dag.py took 0.056 seconds
[2025-02-05T06:30:29.541+0000] {processor.py:157} INFO - Started process (PID=413) to work on /opt/airflow/dags/task_group_dag.py
[2025-02-05T06:30:29.542+0000] {processor.py:829} INFO - Processing file /opt/airflow/dags/task_group_dag.py for tasks to queue
[2025-02-05T06:30:29.543+0000] {logging_mixin.py:151} INFO - [2025-02-05T06:30:29.542+0000] {dagbag.py:539} INFO - Filling up the DagBag from /opt/airflow/dags/task_group_dag.py
[2025-02-05T06:30:29.558+0000] {processor.py:839} INFO - DAG(s) dict_keys(['task_group_example']) retrieved from /opt/airflow/dags/task_group_dag.py
[2025-02-05T06:30:29.579+0000] {logging_mixin.py:151} INFO - [2025-02-05T06:30:29.579+0000] {dag.py:2907} INFO - Sync 1 DAGs
[2025-02-05T06:30:29.592+0000] {logging_mixin.py:151} INFO - [2025-02-05T06:30:29.592+0000] {dag.py:3677} INFO - Setting next_dagrun for task_group_example to 2024-02-01T00:00:00+00:00, run_after=2024-02-02T00:00:00+00:00
[2025-02-05T06:30:29.600+0000] {processor.py:179} INFO - Processing /opt/airflow/dags/task_group_dag.py took 0.064 seconds
[2025-02-05T06:30:59.922+0000] {processor.py:157} INFO - Started process (PID=415) to work on /opt/airflow/dags/task_group_dag.py
[2025-02-05T06:30:59.923+0000] {processor.py:829} INFO - Processing file /opt/airflow/dags/task_group_dag.py for tasks to queue
[2025-02-05T06:30:59.924+0000] {logging_mixin.py:151} INFO - [2025-02-05T06:30:59.924+0000] {dagbag.py:539} INFO - Filling up the DagBag from /opt/airflow/dags/task_group_dag.py
[2025-02-05T06:30:59.937+0000] {processor.py:839} INFO - DAG(s) dict_keys(['task_group_example']) retrieved from /opt/airflow/dags/task_group_dag.py
[2025-02-05T06:30:59.954+0000] {logging_mixin.py:151} INFO - [2025-02-05T06:30:59.954+0000] {dag.py:2907} INFO - Sync 1 DAGs
[2025-02-05T06:30:59.963+0000] {logging_mixin.py:151} INFO - [2025-02-05T06:30:59.963+0000] {dag.py:3677} INFO - Setting next_dagrun for task_group_example to 2024-02-01T00:00:00+00:00, run_after=2024-02-02T00:00:00+00:00
[2025-02-05T06:30:59.970+0000] {processor.py:179} INFO - Processing /opt/airflow/dags/task_group_dag.py took 0.052 seconds
[2025-02-05T06:31:30.419+0000] {processor.py:157} INFO - Started process (PID=417) to work on /opt/airflow/dags/task_group_dag.py
[2025-02-05T06:31:30.420+0000] {processor.py:829} INFO - Processing file /opt/airflow/dags/task_group_dag.py for tasks to queue
[2025-02-05T06:31:30.422+0000] {logging_mixin.py:151} INFO - [2025-02-05T06:31:30.421+0000] {dagbag.py:539} INFO - Filling up the DagBag from /opt/airflow/dags/task_group_dag.py
[2025-02-05T06:31:30.443+0000] {processor.py:839} INFO - DAG(s) dict_keys(['task_group_example']) retrieved from /opt/airflow/dags/task_group_dag.py
[2025-02-05T06:31:30.475+0000] {logging_mixin.py:151} INFO - [2025-02-05T06:31:30.474+0000] {dag.py:2907} INFO - Sync 1 DAGs
[2025-02-05T06:31:30.489+0000] {logging_mixin.py:151} INFO - [2025-02-05T06:31:30.488+0000] {dag.py:3677} INFO - Setting next_dagrun for task_group_example to 2024-02-01T00:00:00+00:00, run_after=2024-02-02T00:00:00+00:00
[2025-02-05T06:31:30.513+0000] {processor.py:179} INFO - Processing /opt/airflow/dags/task_group_dag.py took 0.100 seconds
[2025-02-05T06:32:00.815+0000] {processor.py:157} INFO - Started process (PID=431) to work on /opt/airflow/dags/task_group_dag.py
[2025-02-05T06:32:00.816+0000] {processor.py:829} INFO - Processing file /opt/airflow/dags/task_group_dag.py for tasks to queue
[2025-02-05T06:32:00.817+0000] {logging_mixin.py:151} INFO - [2025-02-05T06:32:00.817+0000] {dagbag.py:539} INFO - Filling up the DagBag from /opt/airflow/dags/task_group_dag.py
[2025-02-05T06:32:00.835+0000] {processor.py:839} INFO - DAG(s) dict_keys(['task_group_example']) retrieved from /opt/airflow/dags/task_group_dag.py
[2025-02-05T06:32:00.852+0000] {logging_mixin.py:151} INFO - [2025-02-05T06:32:00.852+0000] {dag.py:2907} INFO - Sync 1 DAGs
[2025-02-05T06:32:00.863+0000] {logging_mixin.py:151} INFO - [2025-02-05T06:32:00.863+0000] {dag.py:3677} INFO - Setting next_dagrun for task_group_example to 2024-02-01T00:00:00+00:00, run_after=2024-02-02T00:00:00+00:00
[2025-02-05T06:32:00.870+0000] {processor.py:179} INFO - Processing /opt/airflow/dags/task_group_dag.py took 0.060 seconds
[2025-02-05T06:32:31.157+0000] {processor.py:157} INFO - Started process (PID=433) to work on /opt/airflow/dags/task_group_dag.py
[2025-02-05T06:32:31.159+0000] {processor.py:829} INFO - Processing file /opt/airflow/dags/task_group_dag.py for tasks to queue
[2025-02-05T06:32:31.160+0000] {logging_mixin.py:151} INFO - [2025-02-05T06:32:31.159+0000] {dagbag.py:539} INFO - Filling up the DagBag from /opt/airflow/dags/task_group_dag.py
[2025-02-05T06:32:31.176+0000] {processor.py:839} INFO - DAG(s) dict_keys(['task_group_example']) retrieved from /opt/airflow/dags/task_group_dag.py
[2025-02-05T06:32:31.198+0000] {logging_mixin.py:151} INFO - [2025-02-05T06:32:31.197+0000] {dag.py:2907} INFO - Sync 1 DAGs
[2025-02-05T06:32:31.210+0000] {logging_mixin.py:151} INFO - [2025-02-05T06:32:31.210+0000] {dag.py:3677} INFO - Setting next_dagrun for task_group_example to 2024-02-01T00:00:00+00:00, run_after=2024-02-02T00:00:00+00:00
[2025-02-05T06:32:31.218+0000] {processor.py:179} INFO - Processing /opt/airflow/dags/task_group_dag.py took 0.068 seconds
[2025-02-05T06:33:01.460+0000] {processor.py:157} INFO - Started process (PID=435) to work on /opt/airflow/dags/task_group_dag.py
[2025-02-05T06:33:01.460+0000] {processor.py:829} INFO - Processing file /opt/airflow/dags/task_group_dag.py for tasks to queue
[2025-02-05T06:33:01.461+0000] {logging_mixin.py:151} INFO - [2025-02-05T06:33:01.461+0000] {dagbag.py:539} INFO - Filling up the DagBag from /opt/airflow/dags/task_group_dag.py
[2025-02-05T06:33:01.469+0000] {processor.py:839} INFO - DAG(s) dict_keys(['task_group_example']) retrieved from /opt/airflow/dags/task_group_dag.py
[2025-02-05T06:33:01.487+0000] {logging_mixin.py:151} INFO - [2025-02-05T06:33:01.487+0000] {dag.py:2907} INFO - Sync 1 DAGs
[2025-02-05T06:33:01.517+0000] {logging_mixin.py:151} INFO - [2025-02-05T06:33:01.517+0000] {dag.py:3677} INFO - Setting next_dagrun for task_group_example to 2024-02-01T00:00:00+00:00, run_after=2024-02-02T00:00:00+00:00
[2025-02-05T06:33:01.538+0000] {processor.py:179} INFO - Processing /opt/airflow/dags/task_group_dag.py took 0.080 seconds
[2025-02-05T06:33:31.827+0000] {processor.py:157} INFO - Started process (PID=437) to work on /opt/airflow/dags/task_group_dag.py
[2025-02-05T06:33:31.828+0000] {processor.py:829} INFO - Processing file /opt/airflow/dags/task_group_dag.py for tasks to queue
[2025-02-05T06:33:31.829+0000] {logging_mixin.py:151} INFO - [2025-02-05T06:33:31.829+0000] {dagbag.py:539} INFO - Filling up the DagBag from /opt/airflow/dags/task_group_dag.py
[2025-02-05T06:33:31.846+0000] {processor.py:839} INFO - DAG(s) dict_keys(['task_group_example']) retrieved from /opt/airflow/dags/task_group_dag.py
[2025-02-05T06:33:31.861+0000] {logging_mixin.py:151} INFO - [2025-02-05T06:33:31.861+0000] {dag.py:2907} INFO - Sync 1 DAGs
[2025-02-05T06:33:31.871+0000] {logging_mixin.py:151} INFO - [2025-02-05T06:33:31.871+0000] {dag.py:3677} INFO - Setting next_dagrun for task_group_example to 2024-02-01T00:00:00+00:00, run_after=2024-02-02T00:00:00+00:00
[2025-02-05T06:33:31.877+0000] {processor.py:179} INFO - Processing /opt/airflow/dags/task_group_dag.py took 0.056 seconds
[2025-02-05T06:34:02.188+0000] {processor.py:157} INFO - Started process (PID=439) to work on /opt/airflow/dags/task_group_dag.py
[2025-02-05T06:34:02.189+0000] {processor.py:829} INFO - Processing file /opt/airflow/dags/task_group_dag.py for tasks to queue
[2025-02-05T06:34:02.190+0000] {logging_mixin.py:151} INFO - [2025-02-05T06:34:02.190+0000] {dagbag.py:539} INFO - Filling up the DagBag from /opt/airflow/dags/task_group_dag.py
[2025-02-05T06:34:02.204+0000] {processor.py:839} INFO - DAG(s) dict_keys(['task_group_example']) retrieved from /opt/airflow/dags/task_group_dag.py
[2025-02-05T06:34:02.223+0000] {logging_mixin.py:151} INFO - [2025-02-05T06:34:02.223+0000] {dag.py:2907} INFO - Sync 1 DAGs
[2025-02-05T06:34:02.234+0000] {logging_mixin.py:151} INFO - [2025-02-05T06:34:02.234+0000] {dag.py:3677} INFO - Setting next_dagrun for task_group_example to 2024-02-01T00:00:00+00:00, run_after=2024-02-02T00:00:00+00:00
[2025-02-05T06:34:02.242+0000] {processor.py:179} INFO - Processing /opt/airflow/dags/task_group_dag.py took 0.058 seconds
[2025-02-05T06:34:32.569+0000] {processor.py:157} INFO - Started process (PID=441) to work on /opt/airflow/dags/task_group_dag.py
[2025-02-05T06:34:32.570+0000] {processor.py:829} INFO - Processing file /opt/airflow/dags/task_group_dag.py for tasks to queue
[2025-02-05T06:34:32.570+0000] {logging_mixin.py:151} INFO - [2025-02-05T06:34:32.570+0000] {dagbag.py:539} INFO - Filling up the DagBag from /opt/airflow/dags/task_group_dag.py
[2025-02-05T06:34:32.587+0000] {processor.py:839} INFO - DAG(s) dict_keys(['task_group_example']) retrieved from /opt/airflow/dags/task_group_dag.py
[2025-02-05T06:34:32.603+0000] {logging_mixin.py:151} INFO - [2025-02-05T06:34:32.603+0000] {dag.py:2907} INFO - Sync 1 DAGs
[2025-02-05T06:34:32.615+0000] {logging_mixin.py:151} INFO - [2025-02-05T06:34:32.615+0000] {dag.py:3677} INFO - Setting next_dagrun for task_group_example to 2024-02-01T00:00:00+00:00, run_after=2024-02-02T00:00:00+00:00
[2025-02-05T06:34:32.622+0000] {processor.py:179} INFO - Processing /opt/airflow/dags/task_group_dag.py took 0.057 seconds
[2025-02-05T06:35:02.948+0000] {processor.py:157} INFO - Started process (PID=443) to work on /opt/airflow/dags/task_group_dag.py
[2025-02-05T06:35:02.949+0000] {processor.py:829} INFO - Processing file /opt/airflow/dags/task_group_dag.py for tasks to queue
[2025-02-05T06:35:02.949+0000] {logging_mixin.py:151} INFO - [2025-02-05T06:35:02.949+0000] {dagbag.py:539} INFO - Filling up the DagBag from /opt/airflow/dags/task_group_dag.py
[2025-02-05T06:35:02.964+0000] {processor.py:839} INFO - DAG(s) dict_keys(['task_group_example']) retrieved from /opt/airflow/dags/task_group_dag.py
[2025-02-05T06:35:02.981+0000] {logging_mixin.py:151} INFO - [2025-02-05T06:35:02.981+0000] {dag.py:2907} INFO - Sync 1 DAGs
[2025-02-05T06:35:02.991+0000] {logging_mixin.py:151} INFO - [2025-02-05T06:35:02.991+0000] {dag.py:3677} INFO - Setting next_dagrun for task_group_example to 2024-02-01T00:00:00+00:00, run_after=2024-02-02T00:00:00+00:00
[2025-02-05T06:35:02.999+0000] {processor.py:179} INFO - Processing /opt/airflow/dags/task_group_dag.py took 0.055 seconds
[2025-02-05T06:35:33.291+0000] {processor.py:157} INFO - Started process (PID=445) to work on /opt/airflow/dags/task_group_dag.py
[2025-02-05T06:35:33.291+0000] {processor.py:829} INFO - Processing file /opt/airflow/dags/task_group_dag.py for tasks to queue
[2025-02-05T06:35:33.292+0000] {logging_mixin.py:151} INFO - [2025-02-05T06:35:33.292+0000] {dagbag.py:539} INFO - Filling up the DagBag from /opt/airflow/dags/task_group_dag.py
[2025-02-05T06:35:33.303+0000] {processor.py:839} INFO - DAG(s) dict_keys(['task_group_example']) retrieved from /opt/airflow/dags/task_group_dag.py
[2025-02-05T06:35:33.321+0000] {logging_mixin.py:151} INFO - [2025-02-05T06:35:33.321+0000] {dag.py:2907} INFO - Sync 1 DAGs
[2025-02-05T06:35:33.330+0000] {logging_mixin.py:151} INFO - [2025-02-05T06:35:33.330+0000] {dag.py:3677} INFO - Setting next_dagrun for task_group_example to 2024-02-01T00:00:00+00:00, run_after=2024-02-02T00:00:00+00:00
[2025-02-05T06:35:33.336+0000] {processor.py:179} INFO - Processing /opt/airflow/dags/task_group_dag.py took 0.050 seconds
[2025-02-05T06:36:03.635+0000] {processor.py:157} INFO - Started process (PID=447) to work on /opt/airflow/dags/task_group_dag.py
[2025-02-05T06:36:03.637+0000] {processor.py:829} INFO - Processing file /opt/airflow/dags/task_group_dag.py for tasks to queue
[2025-02-05T06:36:03.638+0000] {logging_mixin.py:151} INFO - [2025-02-05T06:36:03.638+0000] {dagbag.py:539} INFO - Filling up the DagBag from /opt/airflow/dags/task_group_dag.py
[2025-02-05T06:36:03.655+0000] {processor.py:839} INFO - DAG(s) dict_keys(['task_group_example']) retrieved from /opt/airflow/dags/task_group_dag.py
[2025-02-05T06:36:03.674+0000] {logging_mixin.py:151} INFO - [2025-02-05T06:36:03.674+0000] {dag.py:2907} INFO - Sync 1 DAGs
[2025-02-05T06:36:03.684+0000] {logging_mixin.py:151} INFO - [2025-02-05T06:36:03.684+0000] {dag.py:3677} INFO - Setting next_dagrun for task_group_example to 2024-02-01T00:00:00+00:00, run_after=2024-02-02T00:00:00+00:00
[2025-02-05T06:36:03.691+0000] {processor.py:179} INFO - Processing /opt/airflow/dags/task_group_dag.py took 0.061 seconds
[2025-02-05T06:36:33.991+0000] {processor.py:157} INFO - Started process (PID=469) to work on /opt/airflow/dags/task_group_dag.py
[2025-02-05T06:36:33.991+0000] {processor.py:829} INFO - Processing file /opt/airflow/dags/task_group_dag.py for tasks to queue
[2025-02-05T06:36:33.991+0000] {logging_mixin.py:151} INFO - [2025-02-05T06:36:33.991+0000] {dagbag.py:539} INFO - Filling up the DagBag from /opt/airflow/dags/task_group_dag.py
[2025-02-05T06:36:33.998+0000] {processor.py:839} INFO - DAG(s) dict_keys(['task_group_example']) retrieved from /opt/airflow/dags/task_group_dag.py
[2025-02-05T06:36:34.009+0000] {logging_mixin.py:151} INFO - [2025-02-05T06:36:34.009+0000] {dag.py:2907} INFO - Sync 1 DAGs
[2025-02-05T06:36:34.017+0000] {logging_mixin.py:151} INFO - [2025-02-05T06:36:34.017+0000] {dag.py:3677} INFO - Setting next_dagrun for task_group_example to 2024-02-03T00:00:00+00:00, run_after=2024-02-04T00:00:00+00:00
[2025-02-05T06:36:34.022+0000] {processor.py:179} INFO - Processing /opt/airflow/dags/task_group_dag.py took 0.034 seconds
[2025-02-05T06:37:04.198+0000] {processor.py:157} INFO - Started process (PID=740) to work on /opt/airflow/dags/task_group_dag.py
[2025-02-05T06:37:04.200+0000] {processor.py:829} INFO - Processing file /opt/airflow/dags/task_group_dag.py for tasks to queue
[2025-02-05T06:37:04.201+0000] {logging_mixin.py:151} INFO - [2025-02-05T06:37:04.200+0000] {dagbag.py:539} INFO - Filling up the DagBag from /opt/airflow/dags/task_group_dag.py
[2025-02-05T06:37:04.219+0000] {processor.py:839} INFO - DAG(s) dict_keys(['task_group_example']) retrieved from /opt/airflow/dags/task_group_dag.py
[2025-02-05T06:37:04.245+0000] {logging_mixin.py:151} INFO - [2025-02-05T06:37:04.245+0000] {dag.py:2907} INFO - Sync 1 DAGs
[2025-02-05T06:37:04.253+0000] {logging_mixin.py:151} INFO - [2025-02-05T06:37:04.253+0000] {dag.py:3677} INFO - Setting next_dagrun for task_group_example to 2024-02-08T00:00:00+00:00, run_after=2024-02-09T00:00:00+00:00
[2025-02-05T06:37:04.259+0000] {processor.py:179} INFO - Processing /opt/airflow/dags/task_group_dag.py took 0.071 seconds
[2025-02-05T06:37:34.388+0000] {processor.py:157} INFO - Started process (PID=995) to work on /opt/airflow/dags/task_group_dag.py
[2025-02-05T06:37:34.389+0000] {processor.py:829} INFO - Processing file /opt/airflow/dags/task_group_dag.py for tasks to queue
[2025-02-05T06:37:34.389+0000] {logging_mixin.py:151} INFO - [2025-02-05T06:37:34.389+0000] {dagbag.py:539} INFO - Filling up the DagBag from /opt/airflow/dags/task_group_dag.py
[2025-02-05T06:37:34.398+0000] {processor.py:839} INFO - DAG(s) dict_keys(['task_group_example']) retrieved from /opt/airflow/dags/task_group_dag.py
[2025-02-05T06:37:34.413+0000] {logging_mixin.py:151} INFO - [2025-02-05T06:37:34.413+0000] {dag.py:2907} INFO - Sync 1 DAGs
[2025-02-05T06:37:34.425+0000] {logging_mixin.py:151} INFO - [2025-02-05T06:37:34.425+0000] {dag.py:3677} INFO - Setting next_dagrun for task_group_example to 2024-02-10T00:00:00+00:00, run_after=2024-02-11T00:00:00+00:00
[2025-02-05T06:37:34.433+0000] {processor.py:179} INFO - Processing /opt/airflow/dags/task_group_dag.py took 0.048 seconds
[2025-02-05T06:38:04.595+0000] {processor.py:157} INFO - Started process (PID=1265) to work on /opt/airflow/dags/task_group_dag.py
[2025-02-05T06:38:04.595+0000] {processor.py:829} INFO - Processing file /opt/airflow/dags/task_group_dag.py for tasks to queue
[2025-02-05T06:38:04.596+0000] {logging_mixin.py:151} INFO - [2025-02-05T06:38:04.596+0000] {dagbag.py:539} INFO - Filling up the DagBag from /opt/airflow/dags/task_group_dag.py
[2025-02-05T06:38:04.604+0000] {processor.py:839} INFO - DAG(s) dict_keys(['task_group_example']) retrieved from /opt/airflow/dags/task_group_dag.py
[2025-02-05T06:38:04.615+0000] {logging_mixin.py:151} INFO - [2025-02-05T06:38:04.615+0000] {dag.py:2907} INFO - Sync 1 DAGs
[2025-02-05T06:38:04.623+0000] {logging_mixin.py:151} INFO - [2025-02-05T06:38:04.623+0000] {dag.py:3677} INFO - Setting next_dagrun for task_group_example to 2024-02-11T00:00:00+00:00, run_after=2024-02-12T00:00:00+00:00
[2025-02-05T06:38:04.631+0000] {processor.py:179} INFO - Processing /opt/airflow/dags/task_group_dag.py took 0.037 seconds
[2025-02-05T06:38:34.780+0000] {processor.py:157} INFO - Started process (PID=1526) to work on /opt/airflow/dags/task_group_dag.py
[2025-02-05T06:38:34.781+0000] {processor.py:829} INFO - Processing file /opt/airflow/dags/task_group_dag.py for tasks to queue
[2025-02-05T06:38:34.781+0000] {logging_mixin.py:151} INFO - [2025-02-05T06:38:34.781+0000] {dagbag.py:539} INFO - Filling up the DagBag from /opt/airflow/dags/task_group_dag.py
[2025-02-05T06:38:34.790+0000] {processor.py:839} INFO - DAG(s) dict_keys(['task_group_example']) retrieved from /opt/airflow/dags/task_group_dag.py
[2025-02-05T06:38:34.802+0000] {logging_mixin.py:151} INFO - [2025-02-05T06:38:34.802+0000] {dag.py:2907} INFO - Sync 1 DAGs
[2025-02-05T06:38:34.811+0000] {logging_mixin.py:151} INFO - [2025-02-05T06:38:34.811+0000] {dag.py:3677} INFO - Setting next_dagrun for task_group_example to 2024-02-16T00:00:00+00:00, run_after=2024-02-17T00:00:00+00:00
[2025-02-05T06:38:34.818+0000] {processor.py:179} INFO - Processing /opt/airflow/dags/task_group_dag.py took 0.040 seconds
[2025-02-05T06:39:04.967+0000] {processor.py:157} INFO - Started process (PID=1791) to work on /opt/airflow/dags/task_group_dag.py
[2025-02-05T06:39:04.967+0000] {processor.py:829} INFO - Processing file /opt/airflow/dags/task_group_dag.py for tasks to queue
[2025-02-05T06:39:04.968+0000] {logging_mixin.py:151} INFO - [2025-02-05T06:39:04.968+0000] {dagbag.py:539} INFO - Filling up the DagBag from /opt/airflow/dags/task_group_dag.py
[2025-02-05T06:39:04.977+0000] {processor.py:839} INFO - DAG(s) dict_keys(['task_group_example']) retrieved from /opt/airflow/dags/task_group_dag.py
[2025-02-05T06:39:04.989+0000] {logging_mixin.py:151} INFO - [2025-02-05T06:39:04.989+0000] {dag.py:2907} INFO - Sync 1 DAGs
[2025-02-05T06:39:04.998+0000] {logging_mixin.py:151} INFO - [2025-02-05T06:39:04.998+0000] {dag.py:3677} INFO - Setting next_dagrun for task_group_example to 2024-02-20T00:00:00+00:00, run_after=2024-02-21T00:00:00+00:00
[2025-02-05T06:39:05.004+0000] {processor.py:179} INFO - Processing /opt/airflow/dags/task_group_dag.py took 0.039 seconds
[2025-02-05T06:39:35.184+0000] {processor.py:157} INFO - Started process (PID=2053) to work on /opt/airflow/dags/task_group_dag.py
[2025-02-05T06:39:35.185+0000] {processor.py:829} INFO - Processing file /opt/airflow/dags/task_group_dag.py for tasks to queue
[2025-02-05T06:39:35.186+0000] {logging_mixin.py:151} INFO - [2025-02-05T06:39:35.185+0000] {dagbag.py:539} INFO - Filling up the DagBag from /opt/airflow/dags/task_group_dag.py
[2025-02-05T06:39:35.197+0000] {processor.py:839} INFO - DAG(s) dict_keys(['task_group_example']) retrieved from /opt/airflow/dags/task_group_dag.py
[2025-02-05T06:39:35.229+0000] {logging_mixin.py:151} INFO - [2025-02-05T06:39:35.229+0000] {dag.py:2907} INFO - Sync 1 DAGs
[2025-02-05T06:39:35.241+0000] {logging_mixin.py:151} INFO - [2025-02-05T06:39:35.241+0000] {dag.py:3677} INFO - Setting next_dagrun for task_group_example to 2024-02-21T00:00:00+00:00, run_after=2024-02-22T00:00:00+00:00
[2025-02-05T06:39:35.249+0000] {processor.py:179} INFO - Processing /opt/airflow/dags/task_group_dag.py took 0.068 seconds
[2025-02-05T06:40:05.394+0000] {processor.py:157} INFO - Started process (PID=2315) to work on /opt/airflow/dags/task_group_dag.py
[2025-02-05T06:40:05.395+0000] {processor.py:829} INFO - Processing file /opt/airflow/dags/task_group_dag.py for tasks to queue
[2025-02-05T06:40:05.396+0000] {logging_mixin.py:151} INFO - [2025-02-05T06:40:05.395+0000] {dagbag.py:539} INFO - Filling up the DagBag from /opt/airflow/dags/task_group_dag.py
[2025-02-05T06:40:05.416+0000] {processor.py:839} INFO - DAG(s) dict_keys(['task_group_example']) retrieved from /opt/airflow/dags/task_group_dag.py
[2025-02-05T06:40:05.446+0000] {logging_mixin.py:151} INFO - [2025-02-05T06:40:05.446+0000] {dag.py:2907} INFO - Sync 1 DAGs
[2025-02-05T06:40:05.471+0000] {logging_mixin.py:151} INFO - [2025-02-05T06:40:05.471+0000] {dag.py:3677} INFO - Setting next_dagrun for task_group_example to 2024-02-26T00:00:00+00:00, run_after=2024-02-27T00:00:00+00:00
[2025-02-05T06:40:05.482+0000] {processor.py:179} INFO - Processing /opt/airflow/dags/task_group_dag.py took 0.091 seconds
[2025-02-05T06:40:35.626+0000] {processor.py:157} INFO - Started process (PID=2574) to work on /opt/airflow/dags/task_group_dag.py
[2025-02-05T06:40:35.627+0000] {processor.py:829} INFO - Processing file /opt/airflow/dags/task_group_dag.py for tasks to queue
[2025-02-05T06:40:35.627+0000] {logging_mixin.py:151} INFO - [2025-02-05T06:40:35.627+0000] {dagbag.py:539} INFO - Filling up the DagBag from /opt/airflow/dags/task_group_dag.py
[2025-02-05T06:40:35.636+0000] {processor.py:839} INFO - DAG(s) dict_keys(['task_group_example']) retrieved from /opt/airflow/dags/task_group_dag.py
[2025-02-05T06:40:35.650+0000] {logging_mixin.py:151} INFO - [2025-02-05T06:40:35.650+0000] {dag.py:2907} INFO - Sync 1 DAGs
[2025-02-05T06:40:35.659+0000] {logging_mixin.py:151} INFO - [2025-02-05T06:40:35.659+0000] {dag.py:3677} INFO - Setting next_dagrun for task_group_example to 2024-03-01T00:00:00+00:00, run_after=2024-03-02T00:00:00+00:00
[2025-02-05T06:40:35.666+0000] {processor.py:179} INFO - Processing /opt/airflow/dags/task_group_dag.py took 0.042 seconds
[2025-02-05T06:40:53.788+0000] {processor.py:157} INFO - Started process (PID=2735) to work on /opt/airflow/dags/task_group_dag.py
[2025-02-05T06:40:53.789+0000] {processor.py:829} INFO - Processing file /opt/airflow/dags/task_group_dag.py for tasks to queue
[2025-02-05T06:40:53.790+0000] {logging_mixin.py:151} INFO - [2025-02-05T06:40:53.789+0000] {dagbag.py:539} INFO - Filling up the DagBag from /opt/airflow/dags/task_group_dag.py
[2025-02-05T06:40:53.805+0000] {processor.py:839} INFO - DAG(s) dict_keys(['task_group_example']) retrieved from /opt/airflow/dags/task_group_dag.py
[2025-02-05T06:40:53.827+0000] {logging_mixin.py:151} INFO - [2025-02-05T06:40:53.827+0000] {dag.py:2907} INFO - Sync 1 DAGs
[2025-02-05T06:40:53.841+0000] {logging_mixin.py:151} INFO - [2025-02-05T06:40:53.840+0000] {dag.py:3677} INFO - Setting next_dagrun for task_group_example to 2024-03-02T00:00:00+00:00, run_after=2024-03-03T00:00:00+00:00
[2025-02-05T06:40:53.850+0000] {processor.py:179} INFO - Processing /opt/airflow/dags/task_group_dag.py took 0.065 seconds
[2025-02-05T06:41:09.035+0000] {processor.py:157} INFO - Started process (PID=2860) to work on /opt/airflow/dags/task_group_dag.py
[2025-02-05T06:41:09.035+0000] {processor.py:829} INFO - Processing file /opt/airflow/dags/task_group_dag.py for tasks to queue
[2025-02-05T06:41:09.036+0000] {logging_mixin.py:151} INFO - [2025-02-05T06:41:09.035+0000] {dagbag.py:539} INFO - Filling up the DagBag from /opt/airflow/dags/task_group_dag.py
[2025-02-05T06:41:09.048+0000] {processor.py:839} INFO - DAG(s) dict_keys(['task_group_example']) retrieved from /opt/airflow/dags/task_group_dag.py
[2025-02-05T06:41:09.102+0000] {logging_mixin.py:151} INFO - [2025-02-05T06:41:09.102+0000] {dag.py:2907} INFO - Sync 1 DAGs
[2025-02-05T06:41:09.113+0000] {logging_mixin.py:151} INFO - [2025-02-05T06:41:09.113+0000] {dag.py:3677} INFO - Setting next_dagrun for task_group_example to 2025-02-04T00:00:00+00:00, run_after=2025-02-05T00:00:00+00:00
[2025-02-05T06:41:09.126+0000] {processor.py:179} INFO - Processing /opt/airflow/dags/task_group_dag.py took 0.094 seconds
[2025-02-05T06:41:39.207+0000] {processor.py:157} INFO - Started process (PID=3110) to work on /opt/airflow/dags/task_group_dag.py
[2025-02-05T06:41:39.207+0000] {processor.py:829} INFO - Processing file /opt/airflow/dags/task_group_dag.py for tasks to queue
[2025-02-05T06:41:39.208+0000] {logging_mixin.py:151} INFO - [2025-02-05T06:41:39.207+0000] {dagbag.py:539} INFO - Filling up the DagBag from /opt/airflow/dags/task_group_dag.py
[2025-02-05T06:41:39.216+0000] {processor.py:839} INFO - DAG(s) dict_keys(['task_group_example']) retrieved from /opt/airflow/dags/task_group_dag.py
[2025-02-05T06:41:39.229+0000] {logging_mixin.py:151} INFO - [2025-02-05T06:41:39.229+0000] {dag.py:2907} INFO - Sync 1 DAGs
[2025-02-05T06:41:39.238+0000] {logging_mixin.py:151} INFO - [2025-02-05T06:41:39.238+0000] {dag.py:3677} INFO - Setting next_dagrun for task_group_example to 2025-02-05T00:00:00+00:00, run_after=2025-02-06T00:00:00+00:00
[2025-02-05T06:41:39.245+0000] {processor.py:179} INFO - Processing /opt/airflow/dags/task_group_dag.py took 0.040 seconds
[2025-02-05T06:42:09.520+0000] {processor.py:157} INFO - Started process (PID=3112) to work on /opt/airflow/dags/task_group_dag.py
[2025-02-05T06:42:09.521+0000] {processor.py:829} INFO - Processing file /opt/airflow/dags/task_group_dag.py for tasks to queue
[2025-02-05T06:42:09.521+0000] {logging_mixin.py:151} INFO - [2025-02-05T06:42:09.521+0000] {dagbag.py:539} INFO - Filling up the DagBag from /opt/airflow/dags/task_group_dag.py
[2025-02-05T06:42:09.532+0000] {processor.py:839} INFO - DAG(s) dict_keys(['task_group_example']) retrieved from /opt/airflow/dags/task_group_dag.py
[2025-02-05T06:42:09.548+0000] {logging_mixin.py:151} INFO - [2025-02-05T06:42:09.548+0000] {dag.py:2907} INFO - Sync 1 DAGs
[2025-02-05T06:42:09.557+0000] {logging_mixin.py:151} INFO - [2025-02-05T06:42:09.557+0000] {dag.py:3677} INFO - Setting next_dagrun for task_group_example to 2025-02-05T00:00:00+00:00, run_after=2025-02-06T00:00:00+00:00
[2025-02-05T06:42:09.564+0000] {processor.py:179} INFO - Processing /opt/airflow/dags/task_group_dag.py took 0.047 seconds
[2025-02-05T06:42:39.831+0000] {processor.py:157} INFO - Started process (PID=3114) to work on /opt/airflow/dags/task_group_dag.py
[2025-02-05T06:42:39.831+0000] {processor.py:829} INFO - Processing file /opt/airflow/dags/task_group_dag.py for tasks to queue
[2025-02-05T06:42:39.832+0000] {logging_mixin.py:151} INFO - [2025-02-05T06:42:39.832+0000] {dagbag.py:539} INFO - Filling up the DagBag from /opt/airflow/dags/task_group_dag.py
[2025-02-05T06:42:39.845+0000] {processor.py:839} INFO - DAG(s) dict_keys(['task_group_example']) retrieved from /opt/airflow/dags/task_group_dag.py
[2025-02-05T06:42:39.862+0000] {logging_mixin.py:151} INFO - [2025-02-05T06:42:39.862+0000] {dag.py:2907} INFO - Sync 1 DAGs
[2025-02-05T06:42:39.875+0000] {logging_mixin.py:151} INFO - [2025-02-05T06:42:39.875+0000] {dag.py:3677} INFO - Setting next_dagrun for task_group_example to 2025-02-05T00:00:00+00:00, run_after=2025-02-06T00:00:00+00:00
[2025-02-05T06:42:39.885+0000] {processor.py:179} INFO - Processing /opt/airflow/dags/task_group_dag.py took 0.058 seconds
[2025-02-05T06:43:10.187+0000] {processor.py:157} INFO - Started process (PID=3116) to work on /opt/airflow/dags/task_group_dag.py
[2025-02-05T06:43:10.187+0000] {processor.py:829} INFO - Processing file /opt/airflow/dags/task_group_dag.py for tasks to queue
[2025-02-05T06:43:10.188+0000] {logging_mixin.py:151} INFO - [2025-02-05T06:43:10.188+0000] {dagbag.py:539} INFO - Filling up the DagBag from /opt/airflow/dags/task_group_dag.py
[2025-02-05T06:43:10.202+0000] {processor.py:839} INFO - DAG(s) dict_keys(['task_group_example']) retrieved from /opt/airflow/dags/task_group_dag.py
[2025-02-05T06:43:10.218+0000] {logging_mixin.py:151} INFO - [2025-02-05T06:43:10.218+0000] {dag.py:2907} INFO - Sync 1 DAGs
[2025-02-05T06:43:10.229+0000] {logging_mixin.py:151} INFO - [2025-02-05T06:43:10.229+0000] {dag.py:3677} INFO - Setting next_dagrun for task_group_example to 2025-02-05T00:00:00+00:00, run_after=2025-02-06T00:00:00+00:00
[2025-02-05T06:43:10.235+0000] {processor.py:179} INFO - Processing /opt/airflow/dags/task_group_dag.py took 0.053 seconds
[2025-02-05T06:43:40.566+0000] {processor.py:157} INFO - Started process (PID=3118) to work on /opt/airflow/dags/task_group_dag.py
[2025-02-05T06:43:40.567+0000] {processor.py:829} INFO - Processing file /opt/airflow/dags/task_group_dag.py for tasks to queue
[2025-02-05T06:43:40.568+0000] {logging_mixin.py:151} INFO - [2025-02-05T06:43:40.568+0000] {dagbag.py:539} INFO - Filling up the DagBag from /opt/airflow/dags/task_group_dag.py
[2025-02-05T06:43:40.582+0000] {processor.py:839} INFO - DAG(s) dict_keys(['task_group_example']) retrieved from /opt/airflow/dags/task_group_dag.py
[2025-02-05T06:43:40.598+0000] {logging_mixin.py:151} INFO - [2025-02-05T06:43:40.598+0000] {dag.py:2907} INFO - Sync 1 DAGs
[2025-02-05T06:43:40.609+0000] {logging_mixin.py:151} INFO - [2025-02-05T06:43:40.609+0000] {dag.py:3677} INFO - Setting next_dagrun for task_group_example to 2025-02-05T00:00:00+00:00, run_after=2025-02-06T00:00:00+00:00
[2025-02-05T06:43:40.616+0000] {processor.py:179} INFO - Processing /opt/airflow/dags/task_group_dag.py took 0.054 seconds
[2025-02-05T06:44:10.962+0000] {processor.py:157} INFO - Started process (PID=3120) to work on /opt/airflow/dags/task_group_dag.py
[2025-02-05T06:44:10.963+0000] {processor.py:829} INFO - Processing file /opt/airflow/dags/task_group_dag.py for tasks to queue
[2025-02-05T06:44:10.964+0000] {logging_mixin.py:151} INFO - [2025-02-05T06:44:10.964+0000] {dagbag.py:539} INFO - Filling up the DagBag from /opt/airflow/dags/task_group_dag.py
[2025-02-05T06:44:10.996+0000] {processor.py:839} INFO - DAG(s) dict_keys(['task_group_example']) retrieved from /opt/airflow/dags/task_group_dag.py
[2025-02-05T06:44:11.022+0000] {logging_mixin.py:151} INFO - [2025-02-05T06:44:11.022+0000] {dag.py:2907} INFO - Sync 1 DAGs
[2025-02-05T06:44:11.038+0000] {logging_mixin.py:151} INFO - [2025-02-05T06:44:11.038+0000] {dag.py:3677} INFO - Setting next_dagrun for task_group_example to 2025-02-05T00:00:00+00:00, run_after=2025-02-06T00:00:00+00:00
[2025-02-05T06:44:11.054+0000] {processor.py:179} INFO - Processing /opt/airflow/dags/task_group_dag.py took 0.097 seconds
[2025-02-05T06:44:41.293+0000] {processor.py:157} INFO - Started process (PID=3122) to work on /opt/airflow/dags/task_group_dag.py
[2025-02-05T06:44:41.294+0000] {processor.py:829} INFO - Processing file /opt/airflow/dags/task_group_dag.py for tasks to queue
[2025-02-05T06:44:41.295+0000] {logging_mixin.py:151} INFO - [2025-02-05T06:44:41.294+0000] {dagbag.py:539} INFO - Filling up the DagBag from /opt/airflow/dags/task_group_dag.py
[2025-02-05T06:44:41.311+0000] {processor.py:839} INFO - DAG(s) dict_keys(['task_group_example']) retrieved from /opt/airflow/dags/task_group_dag.py
[2025-02-05T06:44:41.330+0000] {logging_mixin.py:151} INFO - [2025-02-05T06:44:41.330+0000] {dag.py:2907} INFO - Sync 1 DAGs
[2025-02-05T06:44:41.340+0000] {logging_mixin.py:151} INFO - [2025-02-05T06:44:41.340+0000] {dag.py:3677} INFO - Setting next_dagrun for task_group_example to 2025-02-05T00:00:00+00:00, run_after=2025-02-06T00:00:00+00:00
[2025-02-05T06:44:41.346+0000] {processor.py:179} INFO - Processing /opt/airflow/dags/task_group_dag.py took 0.060 seconds
[2025-02-05T06:45:11.715+0000] {processor.py:157} INFO - Started process (PID=3124) to work on /opt/airflow/dags/task_group_dag.py
[2025-02-05T06:45:11.716+0000] {processor.py:829} INFO - Processing file /opt/airflow/dags/task_group_dag.py for tasks to queue
[2025-02-05T06:45:11.717+0000] {logging_mixin.py:151} INFO - [2025-02-05T06:45:11.716+0000] {dagbag.py:539} INFO - Filling up the DagBag from /opt/airflow/dags/task_group_dag.py
[2025-02-05T06:45:11.731+0000] {processor.py:839} INFO - DAG(s) dict_keys(['task_group_example']) retrieved from /opt/airflow/dags/task_group_dag.py
[2025-02-05T06:45:11.750+0000] {logging_mixin.py:151} INFO - [2025-02-05T06:45:11.750+0000] {dag.py:2907} INFO - Sync 1 DAGs
[2025-02-05T06:45:11.761+0000] {logging_mixin.py:151} INFO - [2025-02-05T06:45:11.761+0000] {dag.py:3677} INFO - Setting next_dagrun for task_group_example to 2025-02-05T00:00:00+00:00, run_after=2025-02-06T00:00:00+00:00
[2025-02-05T06:45:11.769+0000] {processor.py:179} INFO - Processing /opt/airflow/dags/task_group_dag.py took 0.058 seconds
[2025-02-05T06:45:42.103+0000] {processor.py:157} INFO - Started process (PID=3126) to work on /opt/airflow/dags/task_group_dag.py
[2025-02-05T06:45:42.104+0000] {processor.py:829} INFO - Processing file /opt/airflow/dags/task_group_dag.py for tasks to queue
[2025-02-05T06:45:42.104+0000] {logging_mixin.py:151} INFO - [2025-02-05T06:45:42.104+0000] {dagbag.py:539} INFO - Filling up the DagBag from /opt/airflow/dags/task_group_dag.py
[2025-02-05T06:45:42.121+0000] {processor.py:839} INFO - DAG(s) dict_keys(['task_group_example']) retrieved from /opt/airflow/dags/task_group_dag.py
[2025-02-05T06:45:42.143+0000] {logging_mixin.py:151} INFO - [2025-02-05T06:45:42.143+0000] {dag.py:2907} INFO - Sync 1 DAGs
[2025-02-05T06:45:42.156+0000] {logging_mixin.py:151} INFO - [2025-02-05T06:45:42.155+0000] {dag.py:3677} INFO - Setting next_dagrun for task_group_example to 2025-02-05T00:00:00+00:00, run_after=2025-02-06T00:00:00+00:00
[2025-02-05T06:45:42.163+0000] {processor.py:179} INFO - Processing /opt/airflow/dags/task_group_dag.py took 0.065 seconds
[2025-02-05T06:46:12.473+0000] {processor.py:157} INFO - Started process (PID=3128) to work on /opt/airflow/dags/task_group_dag.py
[2025-02-05T06:46:12.475+0000] {processor.py:829} INFO - Processing file /opt/airflow/dags/task_group_dag.py for tasks to queue
[2025-02-05T06:46:12.476+0000] {logging_mixin.py:151} INFO - [2025-02-05T06:46:12.475+0000] {dagbag.py:539} INFO - Filling up the DagBag from /opt/airflow/dags/task_group_dag.py
[2025-02-05T06:46:12.491+0000] {processor.py:839} INFO - DAG(s) dict_keys(['task_group_example']) retrieved from /opt/airflow/dags/task_group_dag.py
[2025-02-05T06:46:12.511+0000] {logging_mixin.py:151} INFO - [2025-02-05T06:46:12.511+0000] {dag.py:2907} INFO - Sync 1 DAGs
[2025-02-05T06:46:12.521+0000] {logging_mixin.py:151} INFO - [2025-02-05T06:46:12.521+0000] {dag.py:3677} INFO - Setting next_dagrun for task_group_example to 2025-02-05T00:00:00+00:00, run_after=2025-02-06T00:00:00+00:00
[2025-02-05T06:46:12.528+0000] {processor.py:179} INFO - Processing /opt/airflow/dags/task_group_dag.py took 0.060 seconds
[2025-02-05T06:46:42.871+0000] {processor.py:157} INFO - Started process (PID=3130) to work on /opt/airflow/dags/task_group_dag.py
[2025-02-05T06:46:42.872+0000] {processor.py:829} INFO - Processing file /opt/airflow/dags/task_group_dag.py for tasks to queue
[2025-02-05T06:46:42.873+0000] {logging_mixin.py:151} INFO - [2025-02-05T06:46:42.872+0000] {dagbag.py:539} INFO - Filling up the DagBag from /opt/airflow/dags/task_group_dag.py
[2025-02-05T06:46:42.903+0000] {processor.py:839} INFO - DAG(s) dict_keys(['task_group_example']) retrieved from /opt/airflow/dags/task_group_dag.py
[2025-02-05T06:46:42.923+0000] {logging_mixin.py:151} INFO - [2025-02-05T06:46:42.923+0000] {dag.py:2907} INFO - Sync 1 DAGs
[2025-02-05T06:46:42.937+0000] {logging_mixin.py:151} INFO - [2025-02-05T06:46:42.937+0000] {dag.py:3677} INFO - Setting next_dagrun for task_group_example to 2025-02-05T00:00:00+00:00, run_after=2025-02-06T00:00:00+00:00
[2025-02-05T06:46:42.946+0000] {processor.py:179} INFO - Processing /opt/airflow/dags/task_group_dag.py took 0.081 seconds
[2025-02-05T06:47:13.258+0000] {processor.py:157} INFO - Started process (PID=3132) to work on /opt/airflow/dags/task_group_dag.py
[2025-02-05T06:47:13.259+0000] {processor.py:829} INFO - Processing file /opt/airflow/dags/task_group_dag.py for tasks to queue
[2025-02-05T06:47:13.260+0000] {logging_mixin.py:151} INFO - [2025-02-05T06:47:13.259+0000] {dagbag.py:539} INFO - Filling up the DagBag from /opt/airflow/dags/task_group_dag.py
[2025-02-05T06:47:13.275+0000] {processor.py:839} INFO - DAG(s) dict_keys(['task_group_example']) retrieved from /opt/airflow/dags/task_group_dag.py
[2025-02-05T06:47:13.293+0000] {logging_mixin.py:151} INFO - [2025-02-05T06:47:13.293+0000] {dag.py:2907} INFO - Sync 1 DAGs
[2025-02-05T06:47:13.303+0000] {logging_mixin.py:151} INFO - [2025-02-05T06:47:13.303+0000] {dag.py:3677} INFO - Setting next_dagrun for task_group_example to 2025-02-05T00:00:00+00:00, run_after=2025-02-06T00:00:00+00:00
[2025-02-05T06:47:13.309+0000] {processor.py:179} INFO - Processing /opt/airflow/dags/task_group_dag.py took 0.055 seconds
[2025-02-05T06:47:39.650+0000] {processor.py:157} INFO - Started process (PID=3134) to work on /opt/airflow/dags/task_group_dag.py
[2025-02-05T06:47:39.652+0000] {processor.py:829} INFO - Processing file /opt/airflow/dags/task_group_dag.py for tasks to queue
[2025-02-05T06:47:39.652+0000] {logging_mixin.py:151} INFO - [2025-02-05T06:47:39.652+0000] {dagbag.py:539} INFO - Filling up the DagBag from /opt/airflow/dags/task_group_dag.py
[2025-02-05T06:47:39.688+0000] {processor.py:839} INFO - DAG(s) dict_keys(['task_group_example']) retrieved from /opt/airflow/dags/task_group_dag.py
[2025-02-05T06:47:39.756+0000] {logging_mixin.py:151} INFO - [2025-02-05T06:47:39.756+0000] {dag.py:2907} INFO - Sync 1 DAGs
[2025-02-05T06:47:39.777+0000] {logging_mixin.py:151} INFO - [2025-02-05T06:47:39.777+0000] {dag.py:3677} INFO - Setting next_dagrun for task_group_example to 2025-02-05T00:00:00+00:00, run_after=2025-02-06T00:00:00+00:00
[2025-02-05T06:47:39.788+0000] {processor.py:179} INFO - Processing /opt/airflow/dags/task_group_dag.py took 0.143 seconds
[2025-02-05T06:48:09.915+0000] {processor.py:157} INFO - Started process (PID=3236) to work on /opt/airflow/dags/task_group_dag.py
[2025-02-05T06:48:09.917+0000] {processor.py:829} INFO - Processing file /opt/airflow/dags/task_group_dag.py for tasks to queue
[2025-02-05T06:48:09.918+0000] {logging_mixin.py:151} INFO - [2025-02-05T06:48:09.918+0000] {dagbag.py:539} INFO - Filling up the DagBag from /opt/airflow/dags/task_group_dag.py
[2025-02-05T06:48:09.943+0000] {processor.py:839} INFO - DAG(s) dict_keys(['task_group_example']) retrieved from /opt/airflow/dags/task_group_dag.py
[2025-02-05T06:48:09.967+0000] {logging_mixin.py:151} INFO - [2025-02-05T06:48:09.967+0000] {dag.py:2907} INFO - Sync 1 DAGs
[2025-02-05T06:48:09.980+0000] {logging_mixin.py:151} INFO - [2025-02-05T06:48:09.980+0000] {dag.py:3677} INFO - Setting next_dagrun for task_group_example to 2025-02-05T00:00:00+00:00, run_after=2025-02-06T00:00:00+00:00
[2025-02-05T06:48:09.988+0000] {processor.py:179} INFO - Processing /opt/airflow/dags/task_group_dag.py took 0.076 seconds
[2025-02-05T06:48:40.286+0000] {processor.py:157} INFO - Started process (PID=3268) to work on /opt/airflow/dags/task_group_dag.py
[2025-02-05T06:48:40.287+0000] {processor.py:829} INFO - Processing file /opt/airflow/dags/task_group_dag.py for tasks to queue
[2025-02-05T06:48:40.287+0000] {logging_mixin.py:151} INFO - [2025-02-05T06:48:40.287+0000] {dagbag.py:539} INFO - Filling up the DagBag from /opt/airflow/dags/task_group_dag.py
[2025-02-05T06:48:40.299+0000] {processor.py:839} INFO - DAG(s) dict_keys(['task_group_example']) retrieved from /opt/airflow/dags/task_group_dag.py
[2025-02-05T06:48:40.316+0000] {logging_mixin.py:151} INFO - [2025-02-05T06:48:40.316+0000] {dag.py:2907} INFO - Sync 1 DAGs
[2025-02-05T06:48:40.327+0000] {logging_mixin.py:151} INFO - [2025-02-05T06:48:40.327+0000] {dag.py:3677} INFO - Setting next_dagrun for task_group_example to 2025-02-05T00:00:00+00:00, run_after=2025-02-06T00:00:00+00:00
[2025-02-05T06:48:40.336+0000] {processor.py:179} INFO - Processing /opt/airflow/dags/task_group_dag.py took 0.052 seconds
[2025-02-05T06:49:10.706+0000] {processor.py:157} INFO - Started process (PID=3270) to work on /opt/airflow/dags/task_group_dag.py
[2025-02-05T06:49:10.708+0000] {processor.py:829} INFO - Processing file /opt/airflow/dags/task_group_dag.py for tasks to queue
[2025-02-05T06:49:10.709+0000] {logging_mixin.py:151} INFO - [2025-02-05T06:49:10.708+0000] {dagbag.py:539} INFO - Filling up the DagBag from /opt/airflow/dags/task_group_dag.py
[2025-02-05T06:49:10.723+0000] {processor.py:839} INFO - DAG(s) dict_keys(['task_group_example']) retrieved from /opt/airflow/dags/task_group_dag.py
[2025-02-05T06:49:10.741+0000] {logging_mixin.py:151} INFO - [2025-02-05T06:49:10.741+0000] {dag.py:2907} INFO - Sync 1 DAGs
[2025-02-05T06:49:10.752+0000] {logging_mixin.py:151} INFO - [2025-02-05T06:49:10.752+0000] {dag.py:3677} INFO - Setting next_dagrun for task_group_example to 2025-02-05T00:00:00+00:00, run_after=2025-02-06T00:00:00+00:00
[2025-02-05T06:49:10.759+0000] {processor.py:179} INFO - Processing /opt/airflow/dags/task_group_dag.py took 0.060 seconds
[2025-02-05T06:49:41.102+0000] {processor.py:157} INFO - Started process (PID=3272) to work on /opt/airflow/dags/task_group_dag.py
[2025-02-05T06:49:41.103+0000] {processor.py:829} INFO - Processing file /opt/airflow/dags/task_group_dag.py for tasks to queue
[2025-02-05T06:49:41.104+0000] {logging_mixin.py:151} INFO - [2025-02-05T06:49:41.104+0000] {dagbag.py:539} INFO - Filling up the DagBag from /opt/airflow/dags/task_group_dag.py
[2025-02-05T06:49:41.121+0000] {processor.py:839} INFO - DAG(s) dict_keys(['task_group_example']) retrieved from /opt/airflow/dags/task_group_dag.py
[2025-02-05T06:49:41.138+0000] {logging_mixin.py:151} INFO - [2025-02-05T06:49:41.138+0000] {dag.py:2907} INFO - Sync 1 DAGs
[2025-02-05T06:49:41.148+0000] {logging_mixin.py:151} INFO - [2025-02-05T06:49:41.148+0000] {dag.py:3677} INFO - Setting next_dagrun for task_group_example to 2025-02-05T00:00:00+00:00, run_after=2025-02-06T00:00:00+00:00
[2025-02-05T06:49:41.155+0000] {processor.py:179} INFO - Processing /opt/airflow/dags/task_group_dag.py took 0.057 seconds
[2025-02-05T06:50:11.456+0000] {processor.py:157} INFO - Started process (PID=3274) to work on /opt/airflow/dags/task_group_dag.py
[2025-02-05T06:50:11.457+0000] {processor.py:829} INFO - Processing file /opt/airflow/dags/task_group_dag.py for tasks to queue
[2025-02-05T06:50:11.457+0000] {logging_mixin.py:151} INFO - [2025-02-05T06:50:11.457+0000] {dagbag.py:539} INFO - Filling up the DagBag from /opt/airflow/dags/task_group_dag.py
[2025-02-05T06:50:11.467+0000] {processor.py:839} INFO - DAG(s) dict_keys(['task_group_example']) retrieved from /opt/airflow/dags/task_group_dag.py
[2025-02-05T06:50:11.487+0000] {logging_mixin.py:151} INFO - [2025-02-05T06:50:11.487+0000] {dag.py:2907} INFO - Sync 1 DAGs
[2025-02-05T06:50:11.499+0000] {logging_mixin.py:151} INFO - [2025-02-05T06:50:11.499+0000] {dag.py:3677} INFO - Setting next_dagrun for task_group_example to 2025-02-05T00:00:00+00:00, run_after=2025-02-06T00:00:00+00:00
[2025-02-05T06:50:11.506+0000] {processor.py:179} INFO - Processing /opt/airflow/dags/task_group_dag.py took 0.053 seconds
[2025-02-05T06:50:41.759+0000] {processor.py:157} INFO - Started process (PID=3345) to work on /opt/airflow/dags/task_group_dag.py
[2025-02-05T06:50:41.761+0000] {processor.py:829} INFO - Processing file /opt/airflow/dags/task_group_dag.py for tasks to queue
[2025-02-05T06:50:41.761+0000] {logging_mixin.py:151} INFO - [2025-02-05T06:50:41.761+0000] {dagbag.py:539} INFO - Filling up the DagBag from /opt/airflow/dags/task_group_dag.py
[2025-02-05T06:50:41.772+0000] {processor.py:839} INFO - DAG(s) dict_keys(['task_group_example']) retrieved from /opt/airflow/dags/task_group_dag.py
[2025-02-05T06:50:41.785+0000] {logging_mixin.py:151} INFO - [2025-02-05T06:50:41.785+0000] {dag.py:2907} INFO - Sync 1 DAGs
[2025-02-05T06:50:41.794+0000] {logging_mixin.py:151} INFO - [2025-02-05T06:50:41.794+0000] {dag.py:3677} INFO - Setting next_dagrun for task_group_example to 2025-02-05T00:00:00+00:00, run_after=2025-02-06T00:00:00+00:00
[2025-02-05T06:50:41.801+0000] {processor.py:179} INFO - Processing /opt/airflow/dags/task_group_dag.py took 0.044 seconds
[2025-02-05T06:51:12.110+0000] {processor.py:157} INFO - Started process (PID=3408) to work on /opt/airflow/dags/task_group_dag.py
[2025-02-05T06:51:12.111+0000] {processor.py:829} INFO - Processing file /opt/airflow/dags/task_group_dag.py for tasks to queue
[2025-02-05T06:51:12.112+0000] {logging_mixin.py:151} INFO - [2025-02-05T06:51:12.111+0000] {dagbag.py:539} INFO - Filling up the DagBag from /opt/airflow/dags/task_group_dag.py
[2025-02-05T06:51:12.126+0000] {processor.py:839} INFO - DAG(s) dict_keys(['task_group_example']) retrieved from /opt/airflow/dags/task_group_dag.py
[2025-02-05T06:51:12.146+0000] {logging_mixin.py:151} INFO - [2025-02-05T06:51:12.146+0000] {dag.py:2907} INFO - Sync 1 DAGs
[2025-02-05T06:51:12.157+0000] {logging_mixin.py:151} INFO - [2025-02-05T06:51:12.157+0000] {dag.py:3677} INFO - Setting next_dagrun for task_group_example to 2025-02-05T00:00:00+00:00, run_after=2025-02-06T00:00:00+00:00
[2025-02-05T06:51:12.164+0000] {processor.py:179} INFO - Processing /opt/airflow/dags/task_group_dag.py took 0.058 seconds
[2025-02-05T06:51:42.475+0000] {processor.py:157} INFO - Started process (PID=3410) to work on /opt/airflow/dags/task_group_dag.py
[2025-02-05T06:51:42.476+0000] {processor.py:829} INFO - Processing file /opt/airflow/dags/task_group_dag.py for tasks to queue
[2025-02-05T06:51:42.477+0000] {logging_mixin.py:151} INFO - [2025-02-05T06:51:42.477+0000] {dagbag.py:539} INFO - Filling up the DagBag from /opt/airflow/dags/task_group_dag.py
[2025-02-05T06:51:42.491+0000] {processor.py:839} INFO - DAG(s) dict_keys(['task_group_example']) retrieved from /opt/airflow/dags/task_group_dag.py
[2025-02-05T06:51:42.509+0000] {logging_mixin.py:151} INFO - [2025-02-05T06:51:42.509+0000] {dag.py:2907} INFO - Sync 1 DAGs
[2025-02-05T06:51:42.519+0000] {logging_mixin.py:151} INFO - [2025-02-05T06:51:42.518+0000] {dag.py:3677} INFO - Setting next_dagrun for task_group_example to 2025-02-05T00:00:00+00:00, run_after=2025-02-06T00:00:00+00:00
[2025-02-05T06:51:42.525+0000] {processor.py:179} INFO - Processing /opt/airflow/dags/task_group_dag.py took 0.053 seconds
[2025-02-05T06:52:12.824+0000] {processor.py:157} INFO - Started process (PID=3412) to work on /opt/airflow/dags/task_group_dag.py
[2025-02-05T06:52:12.826+0000] {processor.py:829} INFO - Processing file /opt/airflow/dags/task_group_dag.py for tasks to queue
[2025-02-05T06:52:12.827+0000] {logging_mixin.py:151} INFO - [2025-02-05T06:52:12.826+0000] {dagbag.py:539} INFO - Filling up the DagBag from /opt/airflow/dags/task_group_dag.py
[2025-02-05T06:52:12.842+0000] {processor.py:839} INFO - DAG(s) dict_keys(['task_group_example']) retrieved from /opt/airflow/dags/task_group_dag.py
[2025-02-05T06:52:12.860+0000] {logging_mixin.py:151} INFO - [2025-02-05T06:52:12.860+0000] {dag.py:2907} INFO - Sync 1 DAGs
[2025-02-05T06:52:12.870+0000] {logging_mixin.py:151} INFO - [2025-02-05T06:52:12.870+0000] {dag.py:3677} INFO - Setting next_dagrun for task_group_example to 2025-02-05T00:00:00+00:00, run_after=2025-02-06T00:00:00+00:00
[2025-02-05T06:52:12.877+0000] {processor.py:179} INFO - Processing /opt/airflow/dags/task_group_dag.py took 0.057 seconds
[2025-02-05T06:52:43.222+0000] {processor.py:157} INFO - Started process (PID=3414) to work on /opt/airflow/dags/task_group_dag.py
[2025-02-05T06:52:43.223+0000] {processor.py:829} INFO - Processing file /opt/airflow/dags/task_group_dag.py for tasks to queue
[2025-02-05T06:52:43.224+0000] {logging_mixin.py:151} INFO - [2025-02-05T06:52:43.224+0000] {dagbag.py:539} INFO - Filling up the DagBag from /opt/airflow/dags/task_group_dag.py
[2025-02-05T06:52:43.238+0000] {processor.py:839} INFO - DAG(s) dict_keys(['task_group_example']) retrieved from /opt/airflow/dags/task_group_dag.py
[2025-02-05T06:52:43.259+0000] {logging_mixin.py:151} INFO - [2025-02-05T06:52:43.259+0000] {dag.py:2907} INFO - Sync 1 DAGs
[2025-02-05T06:52:43.269+0000] {logging_mixin.py:151} INFO - [2025-02-05T06:52:43.269+0000] {dag.py:3677} INFO - Setting next_dagrun for task_group_example to 2025-02-05T00:00:00+00:00, run_after=2025-02-06T00:00:00+00:00
[2025-02-05T06:52:43.276+0000] {processor.py:179} INFO - Processing /opt/airflow/dags/task_group_dag.py took 0.059 seconds
[2025-02-05T06:53:13.651+0000] {processor.py:157} INFO - Started process (PID=3416) to work on /opt/airflow/dags/task_group_dag.py
[2025-02-05T06:53:13.651+0000] {processor.py:829} INFO - Processing file /opt/airflow/dags/task_group_dag.py for tasks to queue
[2025-02-05T06:53:13.652+0000] {logging_mixin.py:151} INFO - [2025-02-05T06:53:13.652+0000] {dagbag.py:539} INFO - Filling up the DagBag from /opt/airflow/dags/task_group_dag.py
[2025-02-05T06:53:13.666+0000] {processor.py:839} INFO - DAG(s) dict_keys(['task_group_example']) retrieved from /opt/airflow/dags/task_group_dag.py
[2025-02-05T06:53:13.682+0000] {logging_mixin.py:151} INFO - [2025-02-05T06:53:13.682+0000] {dag.py:2907} INFO - Sync 1 DAGs
[2025-02-05T06:53:13.693+0000] {logging_mixin.py:151} INFO - [2025-02-05T06:53:13.692+0000] {dag.py:3677} INFO - Setting next_dagrun for task_group_example to 2025-02-05T00:00:00+00:00, run_after=2025-02-06T00:00:00+00:00
[2025-02-05T06:53:13.701+0000] {processor.py:179} INFO - Processing /opt/airflow/dags/task_group_dag.py took 0.053 seconds
[2025-02-05T06:53:44.051+0000] {processor.py:157} INFO - Started process (PID=3418) to work on /opt/airflow/dags/task_group_dag.py
[2025-02-05T06:53:44.052+0000] {processor.py:829} INFO - Processing file /opt/airflow/dags/task_group_dag.py for tasks to queue
[2025-02-05T06:53:44.052+0000] {logging_mixin.py:151} INFO - [2025-02-05T06:53:44.052+0000] {dagbag.py:539} INFO - Filling up the DagBag from /opt/airflow/dags/task_group_dag.py
[2025-02-05T06:53:44.062+0000] {processor.py:839} INFO - DAG(s) dict_keys(['task_group_example']) retrieved from /opt/airflow/dags/task_group_dag.py
[2025-02-05T06:53:44.076+0000] {logging_mixin.py:151} INFO - [2025-02-05T06:53:44.076+0000] {dag.py:2907} INFO - Sync 1 DAGs
[2025-02-05T06:53:44.089+0000] {logging_mixin.py:151} INFO - [2025-02-05T06:53:44.089+0000] {dag.py:3677} INFO - Setting next_dagrun for task_group_example to 2025-02-05T00:00:00+00:00, run_after=2025-02-06T00:00:00+00:00
[2025-02-05T06:53:44.095+0000] {processor.py:179} INFO - Processing /opt/airflow/dags/task_group_dag.py took 0.047 seconds
